Log file open, 07/04/22 17:18:52
LogWindows: Failed to load 'aqProf.dll' (GetLastError=126)
LogWindows: File 'aqProf.dll' does not exist
LogWindows: Failed to load 'VtuneApi.dll' (GetLastError=126)
LogWindows: File 'VtuneApi.dll' does not exist
LogWindows: Failed to load 'VtuneApi32e.dll' (GetLastError=126)
LogWindows: File 'VtuneApi32e.dll' does not exist
LogConsoleResponse: Display: Failed to find resolution value strings in scalability ini. Falling back to default.
LogConsoleResponse: Display: Failed to find resolution value strings in scalability ini. Falling back to default.
LogInit: Display: Running engine for game: UnrealClass1
LogPlatformFile: Not using cached read wrapper
LogTaskGraph: Started task graph with 5 named threads and 23 total threads with 3 sets of task threads.
LogStats: Stats thread started at 0.209266
LogICUInternationalization: ICU TimeZone Detection - Raw Offset: +9:00, Platform Override: ''
LogInit: Display: Loading text-based GConfig....
LogPluginManager: Mounting plugin MeshPainting
LogPluginManager: Mounting plugin XGEController
LogPluginManager: Mounting plugin LiveLink
LogPluginManager: Mounting plugin Paper2D
LogPluginManager: Mounting plugin AISupport
LogPluginManager: Mounting plugin EnvironmentQueryEditor
LogPluginManager: Mounting plugin CameraShakePreviewer
LogPluginManager: Mounting plugin GameplayCameras
LogPluginManager: Mounting plugin LightPropagationVolume
LogPluginManager: Mounting plugin OodleData
LogPluginManager: Mounting plugin OodleNetwork
LogPluginManager: Mounting plugin DatasmithContent
LogPluginManager: Mounting plugin VariantManagerContent
LogPluginManager: Mounting plugin AssetManagerEditor
LogPluginManager: Mounting plugin CurveEditorTools
LogPluginManager: Mounting plugin CryptoKeys
LogPluginManager: Mounting plugin DataValidation
LogPluginManager: Mounting plugin GameplayTagsEditor
LogPluginManager: Mounting plugin GeometryMode
LogPluginManager: Mounting plugin FacialAnimation
LogPluginManager: Mounting plugin MacGraphicsSwitching
LogPluginManager: Mounting plugin MaterialAnalyzer
LogPluginManager: Mounting plugin MobileLauncherProfileWizard
LogPluginManager: Mounting plugin PluginBrowser
LogPluginManager: Mounting plugin SpeedTreeImporter
LogPluginManager: Mounting plugin MagicLeap
LogPluginManager: Mounting plugin LuminPlatformFeatures
LogPluginManager: Mounting plugin MagicLeapLightEstimation
LogPluginManager: Mounting plugin MagicLeapMedia
LogPluginManager: Mounting plugin MagicLeapPassableWorld
LogPluginManager: Mounting plugin MLSDK
LogPluginManager: Mounting plugin AnimationSharing
LogPluginManager: Mounting plugin Niagara
LogPluginManager: Mounting plugin CodeLiteSourceCodeAccess
LogPluginManager: Mounting plugin CLionSourceCodeAccess
LogPluginManager: Mounting plugin KDevelopSourceCodeAccess
LogPluginManager: Mounting plugin GitSourceControl
LogPluginManager: Mounting plugin NullSourceCodeAccess
LogPluginManager: Mounting plugin PerforceSourceControl
LogPluginManager: Mounting plugin PixWinPlugin
LogPluginManager: Mounting plugin PluginUtils
LogPluginManager: Mounting plugin PlasticSourceControl
LogPluginManager: Mounting plugin PropertyAccessNode
LogPluginManager: Mounting plugin SubversionSourceControl
LogPluginManager: Mounting plugin TextureFormatOodle
LogPluginManager: Mounting plugin RiderSourceCodeAccess
LogPluginManager: Mounting plugin UObjectPlugin
LogPluginManager: Mounting plugin AlembicImporter
LogPluginManager: Mounting plugin AutomationUtils
LogPluginManager: Mounting plugin BackChannel
LogPluginManager: Mounting plugin ChaosCloth
LogPluginManager: Mounting plugin VisualStudioCodeSourceCodeAccess
LogPluginManager: Mounting plugin XCodeSourceCodeAccess
LogPluginManager: Mounting plugin VisualStudioSourceCodeAccess
LogPluginManager: Mounting plugin ChaosClothEditor
LogPluginManager: Mounting plugin ChaosEditor
LogPluginManager: Mounting plugin ChaosNiagara
LogPluginManager: Mounting plugin ChaosSolverPlugin
LogPluginManager: Mounting plugin CharacterAI
LogPluginManager: Mounting plugin GeometryCache
LogPluginManager: Mounting plugin GeometryCollectionPlugin
LogPluginManager: Mounting plugin GeometryProcessing
LogPluginManager: Mounting plugin AndroidMedia
LogPluginManager: Mounting plugin AvfMedia
LogPluginManager: Mounting plugin MotoSynth
LogPluginManager: Mounting plugin OpenImageDenoise
LogPluginManager: Mounting plugin ImgMedia
LogPluginManager: Mounting plugin PlanarCut
LogPluginManager: Mounting plugin PlatformCrypto
LogPluginManager: Mounting plugin MediaCompositing
LogPluginManager: Mounting plugin ProxyLODPlugin
LogPluginManager: Mounting plugin PythonScriptPlugin
LogPluginManager: Mounting plugin MediaPlayerEditor
LogPluginManager: Mounting plugin WmfMedia
LogPluginManager: Mounting plugin WebMMedia
LogPluginManager: Mounting plugin SkeletalReduction
LogPluginManager: Mounting plugin TcpMessaging
LogPluginManager: Mounting plugin UdpMessaging
LogPluginManager: Mounting plugin ActorSequence
LogPluginManager: Mounting plugin LevelSequenceEditor
LogPluginManager: Mounting plugin MatineeToLevelSequence
LogPluginManager: Mounting plugin TemplateSequence
LogPluginManager: Mounting plugin OnlineSubsystem
LogPluginManager: Mounting plugin OnlineSubsystemNull
LogPluginManager: Mounting plugin OnlineSubsystemUtils
LogPluginManager: Mounting plugin LauncherChunkInstaller
LogPluginManager: Mounting plugin ActorLayerUtilities
LogPluginManager: Mounting plugin AndroidDeviceProfileSelector
LogPluginManager: Mounting plugin AndroidMoviePlayer
LogPluginManager: Mounting plugin AndroidPermission
LogPluginManager: Mounting plugin AppleImageUtils
LogPluginManager: Mounting plugin AppleMoviePlayer
LogPluginManager: Mounting plugin AssetTags
LogPluginManager: Mounting plugin ArchVisCharacter
LogPluginManager: Mounting plugin AudioCapture
LogPluginManager: Mounting plugin AudioSynesthesia
LogPluginManager: Mounting plugin CableComponent
LogPluginManager: Mounting plugin ChunkDownloader
LogPluginManager: Mounting plugin CustomMeshComponent
LogPluginManager: Mounting plugin EditableMesh
LogPluginManager: Mounting plugin ExampleDeviceProfileSelector
LogPluginManager: Mounting plugin GoogleCloudMessaging
LogPluginManager: Mounting plugin GooglePAD
LogPluginManager: Mounting plugin ScreenshotTools
LogPluginManager: Mounting plugin Takes
LogPluginManager: Mounting plugin IOSDeviceProfileSelector
LogPluginManager: Mounting plugin LinuxDeviceProfileSelector
LogPluginManager: Mounting plugin LocationServicesBPLibrary
LogPluginManager: Mounting plugin MobilePatchingUtils
LogPluginManager: Mounting plugin OpenXRHandTracking
LogPluginManager: Mounting plugin OpenXR
LogPluginManager: Mounting plugin OpenXREyeTracker
LogPluginManager: Mounting plugin PhysXVehicles
LogPluginManager: Mounting plugin PostSplashScreen
LogPluginManager: Mounting plugin PropertyAccessEditor
LogPluginManager: Mounting plugin RuntimePhysXCooking
LogPluginManager: Mounting plugin ProceduralMeshComponent
LogPluginManager: Mounting plugin SignificanceManager
LogPluginManager: Mounting plugin SoundFields
LogPluginManager: Mounting plugin Synthesis
LogPluginManager: Mounting plugin WebMMoviePlayer
LogPluginManager: Mounting plugin WindowsMoviePlayer
LogPluginManager: Mounting plugin ContentBrowserAssetDataSource
LogPluginManager: Mounting plugin ContentBrowserClassDataSource
LogPluginManager: Mounting plugin ContentBrowserFileDataSource
LogPluginManager: Mounting plugin OnlineSubsystemGooglePlay
LogPluginManager: Mounting plugin OnlineSubsystemIOS
LogPluginManager: Mounting plugin OculusVR
LogPluginManager: Mounting plugin SteamVR
PixWinPlugin: PIX capture plugin failed to initialize! Check that the process is launched from PIX.
LogInit: Using libcurl 7.55.1-DEV
LogInit:  - built for x86_64-pc-win32
LogInit:  - supports SSL with OpenSSL/1.1.1
LogInit:  - supports HTTP deflate (compression) using libz 1.2.8
LogInit:  - other features:
LogInit:      CURL_VERSION_SSL
LogInit:      CURL_VERSION_LIBZ
LogInit:      CURL_VERSION_IPV6
LogInit:      CURL_VERSION_ASYNCHDNS
LogInit:      CURL_VERSION_LARGEFILE
LogInit:      CURL_VERSION_IDN
LogInit:  CurlRequestOptions (configurable via config and command line):
LogInit:  - bVerifyPeer = true  - Libcurl will verify peer certificate
LogInit:  - bUseHttpProxy = false  - Libcurl will NOT use HTTP proxy
LogInit:  - bDontReuseConnections = false  - Libcurl will reuse connections
LogInit:  - MaxHostConnections = 16  - Libcurl will limit the number of connections to a host
LogInit:  - LocalHostAddr = Default
LogInit:  - BufferSize = 65536
LogOnline: OSS: Creating online subsystem instance for: NULL
LogInit: WinSock: version 1.1 (2.2), MaxSocks=32767, MaxUdp=65467
LogOnline: OSS: TryLoadSubsystemAndSetDefault: Loaded subsystem for module [NULL]
LogOculusPluginWrapper: OculusPlugin initialized successfully
LogHMD: Failed initializing OVRPlugin 1.59.0
LogInit: Build: ++UE4+Release-4.27-CL-18319896
LogInit: Engine Version: 4.27.2-18319896+++UE4+Release-4.27
LogInit: Compatible Engine Version: 4.27.0-17155196+++UE4+Release-4.27
LogInit: Net CL: 17155196
LogInit: OS: Windows 10 (Release 2009) (), CPU: Intel(R) Core(TM) i5-10300H CPU @ 2.50GHz, GPU: Intel(R) UHD Graphics
LogInit: Compiled (64-bit): Nov 30 2021 07:12:08
LogInit: Compiled with Visual C++: 19.24.28315.00
LogInit: Build Configuration: Development
LogInit: Branch Name: ++UE4+Release-4.27
LogInit: Command Line: 
LogInit: Base Directory: C:/Program Files/Epic Games/UE_4.27/Engine/Binaries/Win64/
LogInit: Allocator: TBB
LogInit: Installed Engine Build: 1
LogDevObjectVersion: Number of dev versions registered: 29
LogDevObjectVersion:   Dev-Blueprints (B0D832E4-1F89-4F0D-ACCF-7EB736FD4AA2): 10
LogDevObjectVersion:   Dev-Build (E1C64328-A22C-4D53-A36C-8E866417BD8C): 0
LogDevObjectVersion:   Dev-Core (375EC13C-06E4-48FB-B500-84F0262A717E): 4
LogDevObjectVersion:   Dev-Editor (E4B068ED-F494-42E9-A231-DA0B2E46BB41): 40
LogDevObjectVersion:   Dev-Framework (CFFC743F-43B0-4480-9391-14DF171D2073): 37
LogDevObjectVersion:   Dev-Mobile (B02B49B5-BB20-44E9-A304-32B752E40360): 3
LogDevObjectVersion:   Dev-Networking (A4E4105C-59A1-49B5-A7C5-40C4547EDFEE): 0
LogDevObjectVersion:   Dev-Online (39C831C9-5AE6-47DC-9A44-9C173E1C8E7C): 0
LogDevObjectVersion:   Dev-Physics (78F01B33-EBEA-4F98-B9B4-84EACCB95AA2): 14
LogDevObjectVersion:   Dev-Platform (6631380F-2D4D-43E0-8009-CF276956A95A): 0
LogDevObjectVersion:   Dev-Rendering (12F88B9F-8875-4AFC-A67C-D90C383ABD29): 45
LogDevObjectVersion:   Dev-Sequencer (7B5AE74C-D270-4C10-A958-57980B212A5A): 13
LogDevObjectVersion:   Dev-VR (D7296918-1DD6-4BDD-9DE2-64A83CC13884): 3
LogDevObjectVersion:   Dev-LoadTimes (C2A15278-BFE7-4AFE-6C17-90FF531DF755): 1
LogDevObjectVersion:   Private-Geometry (6EACA3D4-40EC-4CC1-B786-8BED09428FC5): 3
LogDevObjectVersion:   Dev-AnimPhys (29E575DD-E0A3-4627-9D10-D276232CDCEA): 17
LogDevObjectVersion:   Dev-Anim (AF43A65D-7FD3-4947-9873-3E8ED9C1BB05): 15
LogDevObjectVersion:   Dev-ReflectionCapture (6B266CEC-1EC7-4B8F-A30B-E4D90942FC07): 1
LogDevObjectVersion:   Dev-Automation (0DF73D61-A23F-47EA-B727-89E90C41499A): 1
LogDevObjectVersion:   FortniteMain (601D1886-AC64-4F84-AA16-D3DE0DEAC7D6): 47
LogDevObjectVersion:   FortniteRelease (E7086368-6B23-4C58-8439-1B7016265E91): 1
LogDevObjectVersion:   Dev-Enterprise (9DFFBCD6-494F-0158-E221-12823C92A888): 10
LogDevObjectVersion:   Dev-Niagara (F2AED0AC-9AFE-416F-8664-AA7FFA26D6FC): 1
LogDevObjectVersion:   Dev-Destruction (174F1F0B-B4C6-45A5-B13F-2EE8D0FB917D): 10
LogDevObjectVersion:   Dev-Physics-Ext (35F94A83-E258-406C-A318-09F59610247C): 41
LogDevObjectVersion:   Dev-PhysicsMaterial-Chaos (B68FC16E-8B1B-42E2-B453-215C058844FE): 1
LogDevObjectVersion:   Dev-CineCamera (B2E18506-4273-CFC2-A54E-F4BB758BBA07): 1
LogDevObjectVersion:   Dev-VirtualProduction (64F58936-FD1B-42BA-BA96-7289D5D0FA4E): 1
LogDevObjectVersion:   Dev-MediaFramework (6F0ED827-A609-4895-9C91-998D90180EA4): 2
LogInit: Presizing for max 25165824 objects, including 0 objects not considered by GC, pre-allocating 0 bytes for permanent pool.
LogConfig: Applying CVar settings from Section [/Script/Engine.StreamingSettings] File [C:/work/my/unrial/UnrealClass1/Saved/Config/Windows/Engine.ini]
LogConfig: Setting CVar [[s.MinBulkDataSizeForAsyncLoading:131072]]
LogConfig: Setting CVar [[s.AsyncLoadingThreadEnabled:0]]
LogConfig: Setting CVar [[s.EventDrivenLoaderEnabled:1]]
LogConfig: Setting CVar [[s.WarnIfTimeLimitExceeded:0]]
LogConfig: Setting CVar [[s.TimeLimitExceededMultiplier:1.5]]
LogConfig: Setting CVar [[s.TimeLimitExceededMinTime:0.005]]
LogConfig: Setting CVar [[s.UseBackgroundLevelStreaming:1]]
LogConfig: Setting CVar [[s.PriorityAsyncLoadingExtraTime:15.0]]
LogConfig: Setting CVar [[s.LevelStreamingActorsUpdateTimeLimit:5.0]]
LogConfig: Setting CVar [[s.PriorityLevelStreamingActorsUpdateExtraTime:5.0]]
LogConfig: Setting CVar [[s.LevelStreamingComponentsRegistrationGranularity:10]]
LogConfig: Setting CVar [[s.UnregisterComponentsTimeLimit:1.0]]
LogConfig: Setting CVar [[s.LevelStreamingComponentsUnregistrationGranularity:5]]
LogConfig: Setting CVar [[s.FlushStreamingOnExit:1]]
LogInit: Object subsystem initialized
LogConfig: Setting CVar [[con.DebugEarlyDefault:1]]
LogConfig: Setting CVar [[r.setres:1280x720]]
[2022.07.04-08.18.52:639][  0]LogConfig: Setting CVar [[r.VSync:0]]
[2022.07.04-08.18.52:639][  0]LogConfig: Setting CVar [[r.RHICmdBypass:0]]
[2022.07.04-08.18.52:639][  0]LogConfig: Applying CVar settings from Section [/Script/Engine.RendererSettings] File [C:/work/my/unrial/UnrealClass1/Saved/Config/Windows/Engine.ini]
[2022.07.04-08.18.52:639][  0]LogConfig: Setting CVar [[r.GPUCrashDebugging:0]]
[2022.07.04-08.18.52:639][  0]LogConfig: Applying CVar settings from Section [/Script/Engine.RendererOverrideSettings] File [C:/work/my/unrial/UnrealClass1/Saved/Config/Windows/Engine.ini]
[2022.07.04-08.18.52:639][  0]LogConfig: Applying CVar settings from Section [/Script/Engine.StreamingSettings] File [C:/work/my/unrial/UnrealClass1/Saved/Config/Windows/Engine.ini]
[2022.07.04-08.18.52:639][  0]LogConfig: Setting CVar [[s.MinBulkDataSizeForAsyncLoading:131072]]
[2022.07.04-08.18.52:639][  0]LogConfig: Setting CVar [[s.AsyncLoadingThreadEnabled:0]]
[2022.07.04-08.18.52:639][  0]LogConfig: Setting CVar [[s.EventDrivenLoaderEnabled:1]]
[2022.07.04-08.18.52:639][  0]LogConfig: Setting CVar [[s.WarnIfTimeLimitExceeded:0]]
[2022.07.04-08.18.52:639][  0]LogConfig: Setting CVar [[s.TimeLimitExceededMultiplier:1.5]]
[2022.07.04-08.18.52:639][  0]LogConfig: Setting CVar [[s.TimeLimitExceededMinTime:0.005]]
[2022.07.04-08.18.52:639][  0]LogConfig: Setting CVar [[s.UseBackgroundLevelStreaming:1]]
[2022.07.04-08.18.52:639][  0]LogConfig: Setting CVar [[s.PriorityAsyncLoadingExtraTime:15.0]]
[2022.07.04-08.18.52:639][  0]LogConfig: Setting CVar [[s.LevelStreamingActorsUpdateTimeLimit:5.0]]
[2022.07.04-08.18.52:639][  0]LogConfig: Setting CVar [[s.PriorityLevelStreamingActorsUpdateExtraTime:5.0]]
[2022.07.04-08.18.52:639][  0]LogConfig: Setting CVar [[s.LevelStreamingComponentsRegistrationGranularity:10]]
[2022.07.04-08.18.52:639][  0]LogConfig: Setting CVar [[s.UnregisterComponentsTimeLimit:1.0]]
[2022.07.04-08.18.52:639][  0]LogConfig: Setting CVar [[s.LevelStreamingComponentsUnregistrationGranularity:5]]
[2022.07.04-08.18.52:639][  0]LogConfig: Setting CVar [[s.FlushStreamingOnExit:1]]
[2022.07.04-08.18.52:639][  0]LogConfig: Applying CVar settings from Section [/Script/Engine.GarbageCollectionSettings] File [C:/work/my/unrial/UnrealClass1/Saved/Config/Windows/Engine.ini]
[2022.07.04-08.18.52:639][  0]LogConfig: Setting CVar [[gc.MaxObjectsNotConsideredByGC:1]]
[2022.07.04-08.18.52:639][  0]LogConfig: Setting CVar [[gc.SizeOfPermanentObjectPool:0]]
[2022.07.04-08.18.52:639][  0]LogConfig: Setting CVar [[gc.FlushStreamingOnGC:0]]
[2022.07.04-08.18.52:639][  0]LogConfig: Setting CVar [[gc.NumRetriesBeforeForcingGC:10]]
[2022.07.04-08.18.52:639][  0]LogConfig: Setting CVar [[gc.AllowParallelGC:1]]
[2022.07.04-08.18.52:639][  0]LogConfig: Setting CVar [[gc.TimeBetweenPurgingPendingKillObjects:61.1]]
[2022.07.04-08.18.52:639][  0]LogConfig: Setting CVar [[gc.MaxObjectsInEditor:25165824]]
[2022.07.04-08.18.52:639][  0]LogConfig: Setting CVar [[gc.IncrementalBeginDestroyEnabled:1]]
[2022.07.04-08.18.52:639][  0]LogConfig: Setting CVar [[gc.CreateGCClusters:1]]
[2022.07.04-08.18.52:641][  0]LogConfig: Setting CVar [[gc.MinGCClusterSize:5]]
[2022.07.04-08.18.52:641][  0]LogConfig: Setting CVar [[gc.ActorClusteringEnabled:0]]
[2022.07.04-08.18.52:641][  0]LogConfig: Setting CVar [[gc.BlueprintClusteringEnabled:0]]
[2022.07.04-08.18.52:641][  0]LogConfig: Setting CVar [[gc.UseDisregardForGCOnDedicatedServers:0]]
[2022.07.04-08.18.52:641][  0]LogConfig: Setting CVar [[gc.MultithreadedDestructionEnabled:1]]
[2022.07.04-08.18.52:641][  0]LogConfig: Applying CVar settings from Section [/Script/Engine.NetworkSettings] File [C:/work/my/unrial/UnrealClass1/Saved/Config/Windows/Engine.ini]
[2022.07.04-08.18.52:641][  0]LogConfig: Applying CVar settings from Section [/Script/UnrealEd.CookerSettings] File [C:/work/my/unrial/UnrealClass1/Saved/Config/Windows/Engine.ini]
[2022.07.04-08.18.52:645][  0]LogConfig: Applying CVar settings from Section [ViewDistanceQuality@3] File [C:/work/my/unrial/UnrealClass1/Saved/Config/Windows/Scalability.ini]
[2022.07.04-08.18.52:645][  0]LogConfig: Setting CVar [[r.SkeletalMeshLODBias:0]]
[2022.07.04-08.18.52:645][  0]LogConfig: Setting CVar [[r.ViewDistanceScale:1.0]]
[2022.07.04-08.18.52:645][  0]LogConfig: Applying CVar settings from Section [AntiAliasingQuality@3] File [C:/work/my/unrial/UnrealClass1/Saved/Config/Windows/Scalability.ini]
[2022.07.04-08.18.52:645][  0]LogConfig: Setting CVar [[r.PostProcessAAQuality:4]]
[2022.07.04-08.18.52:645][  0]LogConfig: Applying CVar settings from Section [ShadowQuality@3] File [C:/work/my/unrial/UnrealClass1/Saved/Config/Windows/Scalability.ini]
[2022.07.04-08.18.52:645][  0]LogConfig: Setting CVar [[r.LightFunctionQuality:1]]
[2022.07.04-08.18.52:645][  0]LogConfig: Setting CVar [[r.ShadowQuality:5]]
[2022.07.04-08.18.52:645][  0]LogConfig: Setting CVar [[r.Shadow.CSM.MaxCascades:10]]
[2022.07.04-08.18.52:645][  0]LogConfig: Setting CVar [[r.Shadow.MaxResolution:2048]]
[2022.07.04-08.18.52:645][  0]LogConfig: Setting CVar [[r.Shadow.MaxCSMResolution:2048]]
[2022.07.04-08.18.52:645][  0]LogConfig: Setting CVar [[r.Shadow.RadiusThreshold:0.01]]
[2022.07.04-08.18.52:645][  0]LogConfig: Setting CVar [[r.Shadow.DistanceScale:1.0]]
[2022.07.04-08.18.52:645][  0]LogConfig: Setting CVar [[r.Shadow.CSM.TransitionScale:1.0]]
[2022.07.04-08.18.52:645][  0]LogConfig: Setting CVar [[r.Shadow.PreShadowResolutionFactor:1.0]]
[2022.07.04-08.18.52:645][  0]LogConfig: Setting CVar [[r.DistanceFieldShadowing:1]]
[2022.07.04-08.18.52:645][  0]LogConfig: Setting CVar [[r.DistanceFieldAO:1]]
[2022.07.04-08.18.52:645][  0]LogConfig: Setting CVar [[r.AOQuality:2]]
[2022.07.04-08.18.52:645][  0]LogConfig: Setting CVar [[r.VolumetricFog:1]]
[2022.07.04-08.18.52:645][  0]LogConfig: Setting CVar [[r.VolumetricFog.GridPixelSize:8]]
[2022.07.04-08.18.52:645][  0]LogConfig: Setting CVar [[r.VolumetricFog.GridSizeZ:128]]
[2022.07.04-08.18.52:645][  0]LogConfig: Setting CVar [[r.VolumetricFog.HistoryMissSupersampleCount:4]]
[2022.07.04-08.18.52:645][  0]LogConfig: Setting CVar [[r.LightMaxDrawDistanceScale:1]]
[2022.07.04-08.18.52:645][  0]LogConfig: Setting CVar [[r.CapsuleShadows:1]]
[2022.07.04-08.18.52:645][  0]LogConfig: Applying CVar settings from Section [PostProcessQuality@3] File [C:/work/my/unrial/UnrealClass1/Saved/Config/Windows/Scalability.ini]
[2022.07.04-08.18.52:645][  0]LogConfig: Setting CVar [[r.MotionBlurQuality:4]]
[2022.07.04-08.18.52:645][  0]LogConfig: Setting CVar [[r.AmbientOcclusionMipLevelFactor:0.4]]
[2022.07.04-08.18.52:645][  0]LogConfig: Setting CVar [[r.AmbientOcclusionMaxQuality:100]]
[2022.07.04-08.18.52:645][  0]LogConfig: Setting CVar [[r.AmbientOcclusionLevels:-1]]
[2022.07.04-08.18.52:645][  0]LogConfig: Setting CVar [[r.AmbientOcclusionRadiusScale:1.0]]
[2022.07.04-08.18.52:645][  0]LogConfig: Setting CVar [[r.DepthOfFieldQuality:2]]
[2022.07.04-08.18.52:645][  0]LogConfig: Setting CVar [[r.RenderTargetPoolMin:400]]
[2022.07.04-08.18.52:645][  0]LogConfig: Setting CVar [[r.LensFlareQuality:2]]
[2022.07.04-08.18.52:645][  0]LogConfig: Setting CVar [[r.SceneColorFringeQuality:1]]
[2022.07.04-08.18.52:645][  0]LogConfig: Setting CVar [[r.EyeAdaptationQuality:2]]
[2022.07.04-08.18.52:645][  0]LogConfig: Setting CVar [[r.BloomQuality:5]]
[2022.07.04-08.18.52:645][  0]LogConfig: Setting CVar [[r.FastBlurThreshold:100]]
[2022.07.04-08.18.52:645][  0]LogConfig: Setting CVar [[r.Upscale.Quality:3]]
[2022.07.04-08.18.52:645][  0]LogConfig: Setting CVar [[r.Tonemapper.GrainQuantization:1]]
[2022.07.04-08.18.52:645][  0]LogConfig: Setting CVar [[r.LightShaftQuality:1]]
[2022.07.04-08.18.52:645][  0]LogConfig: Setting CVar [[r.Filter.SizeScale:1]]
[2022.07.04-08.18.52:645][  0]LogConfig: Setting CVar [[r.Tonemapper.Quality:5]]
[2022.07.04-08.18.52:645][  0]LogConfig: Setting CVar [[r.DOF.Gather.AccumulatorQuality:1        ; higher gathering accumulator quality]]
[2022.07.04-08.18.52:645][  0]LogConfig: Setting CVar [[r.DOF.Gather.PostfilterMethod:1          ; Median3x3 postfilering method]]
[2022.07.04-08.18.52:645][  0]LogConfig: Setting CVar [[r.DOF.Gather.EnableBokehSettings:0       ; no bokeh simulation when gathering]]
[2022.07.04-08.18.52:645][  0]LogConfig: Setting CVar [[r.DOF.Gather.RingCount:4                 ; medium number of samples when gathering]]
[2022.07.04-08.18.52:645][  0]LogConfig: Setting CVar [[r.DOF.Scatter.ForegroundCompositing:1    ; additive foreground scattering]]
[2022.07.04-08.18.52:645][  0]LogConfig: Setting CVar [[r.DOF.Scatter.BackgroundCompositing:2    ; additive background scattering]]
[2022.07.04-08.18.52:645][  0]LogConfig: Setting CVar [[r.DOF.Scatter.EnableBokehSettings:1      ; bokeh simulation when scattering]]
[2022.07.04-08.18.52:645][  0]LogConfig: Setting CVar [[r.DOF.Scatter.MaxSpriteRatio:0.1         ; only a maximum of 10% of scattered bokeh]]
[2022.07.04-08.18.52:645][  0]LogConfig: Setting CVar [[r.DOF.Recombine.Quality:1                ; cheap slight out of focus]]
[2022.07.04-08.18.52:645][  0]LogConfig: Setting CVar [[r.DOF.Recombine.EnableBokehSettings:0    ; no bokeh simulation on slight out of focus]]
[2022.07.04-08.18.52:645][  0]LogConfig: Setting CVar [[r.DOF.TemporalAAQuality:1                ; more stable temporal accumulation]]
[2022.07.04-08.18.52:645][  0]LogConfig: Setting CVar [[r.DOF.Kernel.MaxForegroundRadius:0.025]]
[2022.07.04-08.18.52:645][  0]LogConfig: Setting CVar [[r.DOF.Kernel.MaxBackgroundRadius:0.025]]
[2022.07.04-08.18.52:645][  0]LogConfig: Applying CVar settings from Section [TextureQuality@3] File [C:/work/my/unrial/UnrealClass1/Saved/Config/Windows/Scalability.ini]
[2022.07.04-08.18.52:645][  0]LogConfig: Setting CVar [[r.Streaming.MipBias:0]]
[2022.07.04-08.18.52:645][  0]LogConfig: Setting CVar [[r.Streaming.AmortizeCPUToGPUCopy:0]]
[2022.07.04-08.18.52:645][  0]LogConfig: Setting CVar [[r.Streaming.MaxNumTexturesToStreamPerFrame:0]]
[2022.07.04-08.18.52:645][  0]LogConfig: Setting CVar [[r.Streaming.Boost:1]]
[2022.07.04-08.18.52:645][  0]LogConfig: Setting CVar [[r.MaxAnisotropy:8]]
[2022.07.04-08.18.52:645][  0]LogConfig: Setting CVar [[r.VT.MaxAnisotropy:8]]
[2022.07.04-08.18.52:645][  0]LogConfig: Setting CVar [[r.Streaming.LimitPoolSizeToVRAM:0]]
[2022.07.04-08.18.52:645][  0]LogConfig: Setting CVar [[r.Streaming.PoolSize:1000]]
[2022.07.04-08.18.52:645][  0]LogConfig: Setting CVar [[r.Streaming.MaxEffectiveScreenSize:0]]
[2022.07.04-08.18.52:645][  0]LogConfig: Applying CVar settings from Section [EffectsQuality@3] File [C:/work/my/unrial/UnrealClass1/Saved/Config/Windows/Scalability.ini]
[2022.07.04-08.18.52:645][  0]LogConfig: Setting CVar [[r.TranslucencyLightingVolumeDim:64]]
[2022.07.04-08.18.52:645][  0]LogConfig: Setting CVar [[r.RefractionQuality:2]]
[2022.07.04-08.18.52:645][  0]LogConfig: Setting CVar [[r.SSR.Quality:3]]
[2022.07.04-08.18.52:645][  0]LogConfig: Setting CVar [[r.SSR.HalfResSceneColor:0]]
[2022.07.04-08.18.52:645][  0]LogConfig: Setting CVar [[r.SceneColorFormat:4]]
[2022.07.04-08.18.52:645][  0]LogConfig: Setting CVar [[r.DetailMode:2]]
[2022.07.04-08.18.52:645][  0]LogConfig: Setting CVar [[r.TranslucencyVolumeBlur:1]]
[2022.07.04-08.18.52:645][  0]LogConfig: Setting CVar [[r.MaterialQualityLevel:1 ; High quality]]
[2022.07.04-08.18.52:645][  0]LogConfig: Setting CVar [[r.AnisotropicMaterials:1]]
[2022.07.04-08.18.52:645][  0]LogConfig: Setting CVar [[r.SSS.Scale:1]]
[2022.07.04-08.18.52:645][  0]LogConfig: Setting CVar [[r.SSS.SampleSet:2]]
[2022.07.04-08.18.52:645][  0]LogConfig: Setting CVar [[r.SSS.Quality:1]]
[2022.07.04-08.18.52:645][  0]LogConfig: Setting CVar [[r.SSS.HalfRes:0]]
[2022.07.04-08.18.52:645][  0]LogConfig: Setting CVar [[r.SSGI.Quality:3]]
[2022.07.04-08.18.52:645][  0]LogConfig: Setting CVar [[r.EmitterSpawnRateScale:1.0]]
[2022.07.04-08.18.52:645][  0]LogConfig: Setting CVar [[r.ParticleLightQuality:2]]
[2022.07.04-08.18.52:645][  0]LogConfig: Setting CVar [[r.SkyAtmosphere.AerialPerspectiveLUT.FastApplyOnOpaque:1 ; Always have FastSkyLUT 1 in this case to avoid wrong sky]]
[2022.07.04-08.18.52:645][  0]LogConfig: Setting CVar [[r.SkyAtmosphere.AerialPerspectiveLUT.SampleCountMaxPerSlice:4]]
[2022.07.04-08.18.52:645][  0]LogConfig: Setting CVar [[r.SkyAtmosphere.AerialPerspectiveLUT.DepthResolution:16.0]]
[2022.07.04-08.18.52:645][  0]LogConfig: Setting CVar [[r.SkyAtmosphere.FastSkyLUT:1]]
[2022.07.04-08.18.52:645][  0]LogConfig: Setting CVar [[r.SkyAtmosphere.FastSkyLUT.SampleCountMin:4.0]]
[2022.07.04-08.18.52:645][  0]LogConfig: Setting CVar [[r.SkyAtmosphere.FastSkyLUT.SampleCountMax:128.0]]
[2022.07.04-08.18.52:646][  0]LogConfig: Setting CVar [[r.SkyAtmosphere.SampleCountMin:4.0]]
[2022.07.04-08.18.52:646][  0]LogConfig: Setting CVar [[r.SkyAtmosphere.SampleCountMax:128.0]]
[2022.07.04-08.18.52:646][  0]LogConfig: Setting CVar [[r.SkyAtmosphere.TransmittanceLUT.UseSmallFormat:0]]
[2022.07.04-08.18.52:646][  0]LogConfig: Setting CVar [[r.SkyAtmosphere.TransmittanceLUT.SampleCount:10.0]]
[2022.07.04-08.18.52:646][  0]LogConfig: Setting CVar [[r.SkyAtmosphere.MultiScatteringLUT.SampleCount:15.0]]
[2022.07.04-08.18.52:646][  0]LogConfig: Setting CVar [[r.SkyLight.RealTimeReflectionCapture:1]]
[2022.07.04-08.18.52:646][  0]LogConfig: Applying CVar settings from Section [FoliageQuality@3] File [C:/work/my/unrial/UnrealClass1/Saved/Config/Windows/Scalability.ini]
[2022.07.04-08.18.52:646][  0]LogConfig: Setting CVar [[foliage.DensityScale:1.0]]
[2022.07.04-08.18.52:646][  0]LogConfig: Setting CVar [[grass.DensityScale:1.0]]
[2022.07.04-08.18.52:646][  0]LogConfig: Applying CVar settings from Section [ShadingQuality@3] File [C:/work/my/unrial/UnrealClass1/Saved/Config/Windows/Scalability.ini]
[2022.07.04-08.18.52:646][  0]LogConfig: Setting CVar [[r.HairStrands.SkyLighting.IntegrationType:2]]
[2022.07.04-08.18.52:646][  0]LogConfig: Setting CVar [[r.HairStrands.SkyAO.SampleCount:4]]
[2022.07.04-08.18.52:646][  0]LogConfig: Setting CVar [[r.HairStrands.Visibility.MSAA.SamplePerPixel:4]]
[2022.07.04-08.18.52:646][  0]LogInit: Selected Device Profile: [Windows]
[2022.07.04-08.18.52:646][  0]LogInit: Applying CVar settings loaded from the selected device profile: [Windows]
[2022.07.04-08.18.52:646][  0]LogHAL: Display: Platform has ~ 16 GB [16989282304 / 17179869184 / 16], which maps to Larger [LargestMinGB=32, LargerMinGB=12, DefaultMinGB=8, SmallerMinGB=6, SmallestMinGB=0)
[2022.07.04-08.18.52:646][  0]LogInit: Going up to parent DeviceProfile []
[2022.07.04-08.18.52:646][  0]LogConfig: Applying CVar settings from Section [ViewDistanceQuality@3] File [C:/work/my/unrial/UnrealClass1/Saved/Config/Windows/Scalability.ini]
[2022.07.04-08.18.52:646][  0]LogConfig: Setting CVar [[r.SkeletalMeshLODBias:0]]
[2022.07.04-08.18.52:646][  0]LogConfig: Setting CVar [[r.ViewDistanceScale:1.0]]
[2022.07.04-08.18.52:646][  0]LogConfig: Applying CVar settings from Section [AntiAliasingQuality@3] File [C:/work/my/unrial/UnrealClass1/Saved/Config/Windows/Scalability.ini]
[2022.07.04-08.18.52:646][  0]LogConfig: Setting CVar [[r.PostProcessAAQuality:4]]
[2022.07.04-08.18.52:646][  0]LogConfig: Applying CVar settings from Section [ShadowQuality@3] File [C:/work/my/unrial/UnrealClass1/Saved/Config/Windows/Scalability.ini]
[2022.07.04-08.18.52:646][  0]LogConfig: Setting CVar [[r.LightFunctionQuality:1]]
[2022.07.04-08.18.52:646][  0]LogConfig: Setting CVar [[r.ShadowQuality:5]]
[2022.07.04-08.18.52:646][  0]LogConfig: Setting CVar [[r.Shadow.CSM.MaxCascades:10]]
[2022.07.04-08.18.52:646][  0]LogConfig: Setting CVar [[r.Shadow.MaxResolution:2048]]
[2022.07.04-08.18.52:646][  0]LogConfig: Setting CVar [[r.Shadow.MaxCSMResolution:2048]]
[2022.07.04-08.18.52:646][  0]LogConfig: Setting CVar [[r.Shadow.RadiusThreshold:0.01]]
[2022.07.04-08.18.52:646][  0]LogConfig: Setting CVar [[r.Shadow.DistanceScale:1.0]]
[2022.07.04-08.18.52:646][  0]LogConfig: Setting CVar [[r.Shadow.CSM.TransitionScale:1.0]]
[2022.07.04-08.18.52:646][  0]LogConfig: Setting CVar [[r.Shadow.PreShadowResolutionFactor:1.0]]
[2022.07.04-08.18.52:646][  0]LogConfig: Setting CVar [[r.DistanceFieldShadowing:1]]
[2022.07.04-08.18.52:646][  0]LogConfig: Setting CVar [[r.DistanceFieldAO:1]]
[2022.07.04-08.18.52:646][  0]LogConfig: Setting CVar [[r.AOQuality:2]]
[2022.07.04-08.18.52:646][  0]LogConfig: Setting CVar [[r.VolumetricFog:1]]
[2022.07.04-08.18.52:646][  0]LogConfig: Setting CVar [[r.VolumetricFog.GridPixelSize:8]]
[2022.07.04-08.18.52:646][  0]LogConfig: Setting CVar [[r.VolumetricFog.GridSizeZ:128]]
[2022.07.04-08.18.52:646][  0]LogConfig: Setting CVar [[r.VolumetricFog.HistoryMissSupersampleCount:4]]
[2022.07.04-08.18.52:646][  0]LogConfig: Setting CVar [[r.LightMaxDrawDistanceScale:1]]
[2022.07.04-08.18.52:646][  0]LogConfig: Setting CVar [[r.CapsuleShadows:1]]
[2022.07.04-08.18.52:646][  0]LogConfig: Applying CVar settings from Section [PostProcessQuality@3] File [C:/work/my/unrial/UnrealClass1/Saved/Config/Windows/Scalability.ini]
[2022.07.04-08.18.52:646][  0]LogConfig: Setting CVar [[r.MotionBlurQuality:4]]
[2022.07.04-08.18.52:646][  0]LogConfig: Setting CVar [[r.AmbientOcclusionMipLevelFactor:0.4]]
[2022.07.04-08.18.52:646][  0]LogConfig: Setting CVar [[r.AmbientOcclusionMaxQuality:100]]
[2022.07.04-08.18.52:646][  0]LogConfig: Setting CVar [[r.AmbientOcclusionLevels:-1]]
[2022.07.04-08.18.52:646][  0]LogConfig: Setting CVar [[r.AmbientOcclusionRadiusScale:1.0]]
[2022.07.04-08.18.52:646][  0]LogConfig: Setting CVar [[r.DepthOfFieldQuality:2]]
[2022.07.04-08.18.52:646][  0]LogConfig: Setting CVar [[r.RenderTargetPoolMin:400]]
[2022.07.04-08.18.52:646][  0]LogConfig: Setting CVar [[r.LensFlareQuality:2]]
[2022.07.04-08.18.52:646][  0]LogConfig: Setting CVar [[r.SceneColorFringeQuality:1]]
[2022.07.04-08.18.52:646][  0]LogConfig: Setting CVar [[r.EyeAdaptationQuality:2]]
[2022.07.04-08.18.52:646][  0]LogConfig: Setting CVar [[r.BloomQuality:5]]
[2022.07.04-08.18.52:646][  0]LogConfig: Setting CVar [[r.FastBlurThreshold:100]]
[2022.07.04-08.18.52:646][  0]LogConfig: Setting CVar [[r.Upscale.Quality:3]]
[2022.07.04-08.18.52:646][  0]LogConfig: Setting CVar [[r.Tonemapper.GrainQuantization:1]]
[2022.07.04-08.18.52:646][  0]LogConfig: Setting CVar [[r.LightShaftQuality:1]]
[2022.07.04-08.18.52:646][  0]LogConfig: Setting CVar [[r.Filter.SizeScale:1]]
[2022.07.04-08.18.52:646][  0]LogConfig: Setting CVar [[r.Tonemapper.Quality:5]]
[2022.07.04-08.18.52:646][  0]LogConfig: Setting CVar [[r.DOF.Gather.AccumulatorQuality:1        ; higher gathering accumulator quality]]
[2022.07.04-08.18.52:646][  0]LogConfig: Setting CVar [[r.DOF.Gather.PostfilterMethod:1          ; Median3x3 postfilering method]]
[2022.07.04-08.18.52:646][  0]LogConfig: Setting CVar [[r.DOF.Gather.EnableBokehSettings:0       ; no bokeh simulation when gathering]]
[2022.07.04-08.18.52:646][  0]LogConfig: Setting CVar [[r.DOF.Gather.RingCount:4                 ; medium number of samples when gathering]]
[2022.07.04-08.18.52:646][  0]LogConfig: Setting CVar [[r.DOF.Scatter.ForegroundCompositing:1    ; additive foreground scattering]]
[2022.07.04-08.18.52:646][  0]LogConfig: Setting CVar [[r.DOF.Scatter.BackgroundCompositing:2    ; additive background scattering]]
[2022.07.04-08.18.52:646][  0]LogConfig: Setting CVar [[r.DOF.Scatter.EnableBokehSettings:1      ; bokeh simulation when scattering]]
[2022.07.04-08.18.52:646][  0]LogConfig: Setting CVar [[r.DOF.Scatter.MaxSpriteRatio:0.1         ; only a maximum of 10% of scattered bokeh]]
[2022.07.04-08.18.52:646][  0]LogConfig: Setting CVar [[r.DOF.Recombine.Quality:1                ; cheap slight out of focus]]
[2022.07.04-08.18.52:646][  0]LogConfig: Setting CVar [[r.DOF.Recombine.EnableBokehSettings:0    ; no bokeh simulation on slight out of focus]]
[2022.07.04-08.18.52:646][  0]LogConfig: Setting CVar [[r.DOF.TemporalAAQuality:1                ; more stable temporal accumulation]]
[2022.07.04-08.18.52:646][  0]LogConfig: Setting CVar [[r.DOF.Kernel.MaxForegroundRadius:0.025]]
[2022.07.04-08.18.52:646][  0]LogConfig: Setting CVar [[r.DOF.Kernel.MaxBackgroundRadius:0.025]]
[2022.07.04-08.18.52:646][  0]LogConfig: Applying CVar settings from Section [TextureQuality@3] File [C:/work/my/unrial/UnrealClass1/Saved/Config/Windows/Scalability.ini]
[2022.07.04-08.18.52:646][  0]LogConfig: Setting CVar [[r.Streaming.MipBias:0]]
[2022.07.04-08.18.52:646][  0]LogConfig: Setting CVar [[r.Streaming.AmortizeCPUToGPUCopy:0]]
[2022.07.04-08.18.52:646][  0]LogConfig: Setting CVar [[r.Streaming.MaxNumTexturesToStreamPerFrame:0]]
[2022.07.04-08.18.52:646][  0]LogConfig: Setting CVar [[r.Streaming.Boost:1]]
[2022.07.04-08.18.52:646][  0]LogConfig: Setting CVar [[r.MaxAnisotropy:8]]
[2022.07.04-08.18.52:646][  0]LogConfig: Setting CVar [[r.VT.MaxAnisotropy:8]]
[2022.07.04-08.18.52:646][  0]LogConfig: Setting CVar [[r.Streaming.LimitPoolSizeToVRAM:0]]
[2022.07.04-08.18.52:646][  0]LogConfig: Setting CVar [[r.Streaming.PoolSize:1000]]
[2022.07.04-08.18.52:646][  0]LogConfig: Setting CVar [[r.Streaming.MaxEffectiveScreenSize:0]]
[2022.07.04-08.18.52:646][  0]LogConfig: Applying CVar settings from Section [EffectsQuality@3] File [C:/work/my/unrial/UnrealClass1/Saved/Config/Windows/Scalability.ini]
[2022.07.04-08.18.52:646][  0]LogConfig: Setting CVar [[r.TranslucencyLightingVolumeDim:64]]
[2022.07.04-08.18.52:646][  0]LogConfig: Setting CVar [[r.RefractionQuality:2]]
[2022.07.04-08.18.52:646][  0]LogConfig: Setting CVar [[r.SSR.Quality:3]]
[2022.07.04-08.18.52:646][  0]LogConfig: Setting CVar [[r.SSR.HalfResSceneColor:0]]
[2022.07.04-08.18.52:646][  0]LogConfig: Setting CVar [[r.SceneColorFormat:4]]
[2022.07.04-08.18.52:646][  0]LogConfig: Setting CVar [[r.DetailMode:2]]
[2022.07.04-08.18.52:646][  0]LogConfig: Setting CVar [[r.TranslucencyVolumeBlur:1]]
[2022.07.04-08.18.52:646][  0]LogConfig: Setting CVar [[r.MaterialQualityLevel:1 ; High quality]]
[2022.07.04-08.18.52:646][  0]LogConfig: Setting CVar [[r.AnisotropicMaterials:1]]
[2022.07.04-08.18.52:646][  0]LogConfig: Setting CVar [[r.SSS.Scale:1]]
[2022.07.04-08.18.52:646][  0]LogConfig: Setting CVar [[r.SSS.SampleSet:2]]
[2022.07.04-08.18.52:647][  0]LogConfig: Setting CVar [[r.SSS.Quality:1]]
[2022.07.04-08.18.52:647][  0]LogConfig: Setting CVar [[r.SSS.HalfRes:0]]
[2022.07.04-08.18.52:647][  0]LogConfig: Setting CVar [[r.SSGI.Quality:3]]
[2022.07.04-08.18.52:647][  0]LogConfig: Setting CVar [[r.EmitterSpawnRateScale:1.0]]
[2022.07.04-08.18.52:647][  0]LogConfig: Setting CVar [[r.ParticleLightQuality:2]]
[2022.07.04-08.18.52:647][  0]LogConfig: Setting CVar [[r.SkyAtmosphere.AerialPerspectiveLUT.FastApplyOnOpaque:1 ; Always have FastSkyLUT 1 in this case to avoid wrong sky]]
[2022.07.04-08.18.52:647][  0]LogConfig: Setting CVar [[r.SkyAtmosphere.AerialPerspectiveLUT.SampleCountMaxPerSlice:4]]
[2022.07.04-08.18.52:647][  0]LogConfig: Setting CVar [[r.SkyAtmosphere.AerialPerspectiveLUT.DepthResolution:16.0]]
[2022.07.04-08.18.52:647][  0]LogConfig: Setting CVar [[r.SkyAtmosphere.FastSkyLUT:1]]
[2022.07.04-08.18.52:647][  0]LogConfig: Setting CVar [[r.SkyAtmosphere.FastSkyLUT.SampleCountMin:4.0]]
[2022.07.04-08.18.52:647][  0]LogConfig: Setting CVar [[r.SkyAtmosphere.FastSkyLUT.SampleCountMax:128.0]]
[2022.07.04-08.18.52:647][  0]LogConfig: Setting CVar [[r.SkyAtmosphere.SampleCountMin:4.0]]
[2022.07.04-08.18.52:647][  0]LogConfig: Setting CVar [[r.SkyAtmosphere.SampleCountMax:128.0]]
[2022.07.04-08.18.52:647][  0]LogConfig: Setting CVar [[r.SkyAtmosphere.TransmittanceLUT.UseSmallFormat:0]]
[2022.07.04-08.18.52:647][  0]LogConfig: Setting CVar [[r.SkyAtmosphere.TransmittanceLUT.SampleCount:10.0]]
[2022.07.04-08.18.52:647][  0]LogConfig: Setting CVar [[r.SkyAtmosphere.MultiScatteringLUT.SampleCount:15.0]]
[2022.07.04-08.18.52:647][  0]LogConfig: Setting CVar [[r.SkyLight.RealTimeReflectionCapture:1]]
[2022.07.04-08.18.52:647][  0]LogConfig: Applying CVar settings from Section [FoliageQuality@3] File [C:/work/my/unrial/UnrealClass1/Saved/Config/Windows/Scalability.ini]
[2022.07.04-08.18.52:647][  0]LogConfig: Setting CVar [[foliage.DensityScale:1.0]]
[2022.07.04-08.18.52:647][  0]LogConfig: Setting CVar [[grass.DensityScale:1.0]]
[2022.07.04-08.18.52:647][  0]LogConfig: Applying CVar settings from Section [ShadingQuality@3] File [C:/work/my/unrial/UnrealClass1/Saved/Config/Windows/Scalability.ini]
[2022.07.04-08.18.52:647][  0]LogConfig: Setting CVar [[r.HairStrands.SkyLighting.IntegrationType:2]]
[2022.07.04-08.18.52:647][  0]LogConfig: Setting CVar [[r.HairStrands.SkyAO.SampleCount:4]]
[2022.07.04-08.18.52:647][  0]LogConfig: Setting CVar [[r.HairStrands.Visibility.MSAA.SamplePerPixel:4]]
[2022.07.04-08.18.52:647][  0]LogConfig: Applying CVar settings from Section [Startup] File [../../../Engine/Config/ConsoleVariables.ini]
[2022.07.04-08.18.52:648][  0]LogConfig: Setting CVar [[net.UseAdaptiveNetUpdateFrequency:0]]
[2022.07.04-08.18.52:648][  0]LogConfig: Setting CVar [[p.chaos.AllowCreatePhysxBodies:1]]
[2022.07.04-08.18.52:648][  0]LogConfig: Setting CVar [[fx.SkipVectorVMBackendOptimizations:1]]
[2022.07.04-08.18.52:648][  0]LogConfig: Applying CVar settings from Section [ConsoleVariables] File [C:/work/my/unrial/UnrealClass1/Saved/Config/Windows/Engine.ini]
[2022.07.04-08.18.52:648][  0]LogConfig: Applying CVar settings from Section [ConsoleVariables] File [C:/work/my/unrial/UnrealClass1/Saved/Config/Windows/Editor.ini]
[2022.07.04-08.18.52:648][  0]LogInit: Computer: DESKTOP-N56AVM6
[2022.07.04-08.18.52:648][  0]LogInit: User: suk99
[2022.07.04-08.18.52:648][  0]LogInit: CPU Page size=4096, Cores=4
[2022.07.04-08.18.52:648][  0]LogInit: High frequency timer resolution =10.000000 MHz
[2022.07.04-08.18.52:648][  0]LogMemory: Memory total: Physical=15.8GB (16GB approx)
[2022.07.04-08.18.52:648][  0]LogMemory: Platform Memory Stats for Windows
[2022.07.04-08.18.52:648][  0]LogMemory: Process Physical Memory: 143.14 MB used, 143.15 MB peak
[2022.07.04-08.18.52:648][  0]LogMemory: Process Virtual Memory: 128.38 MB used, 128.38 MB peak
[2022.07.04-08.18.52:648][  0]LogMemory: Physical Memory: 11837.88 MB used,  4364.36 MB free, 16202.24 MB total
[2022.07.04-08.18.52:648][  0]LogMemory: Virtual Memory: 134211416.00 MB used,  6313.05 MB free, 134217728.00 MB total
[2022.07.04-08.18.52:652][  0]LogWindows: WindowsPlatformFeatures enabled
[2022.07.04-08.18.52:681][  0]LogInit: Physics initialised using underlying interface: PhysX
[2022.07.04-08.18.52:681][  0]LogInit: Using OS detected language (ko-KR).
[2022.07.04-08.18.52:681][  0]LogInit: Using OS detected locale (ko-KR).
[2022.07.04-08.18.52:686][  0]LogTextLocalizationManager: No specific localization for 'ko-KR' exists, so the 'ko' localization will be used.
[2022.07.04-08.18.52:785][  0]LogInit: Setting process to per monitor DPI aware
[2022.07.04-08.18.52:819][  0]LogWindowsTextInputMethodSystem: Display: IME system deactivated.
[2022.07.04-08.18.52:827][  0]LogSlate: New Slate User Created.  User Index 0, Is Virtual User: 0
[2022.07.04-08.18.52:827][  0]LogSlate: Slate User Registered.  User Index 0, Is Virtual User: 0
[2022.07.04-08.18.52:927][  0]LogD3D11RHI: Loaded GFSDK_Aftermath_Lib.x64.dll
[2022.07.04-08.18.52:940][  0]LogHMD: Failed to initialize OpenVR with code 110
[2022.07.04-08.18.52:940][  0]LogD3D11RHI: D3D11 min allowed feature level: 11_0
[2022.07.04-08.18.52:941][  0]LogD3D11RHI: D3D11 max allowed feature level: 11_0
[2022.07.04-08.18.52:941][  0]LogD3D11RHI: D3D11 adapters:
[2022.07.04-08.18.53:034][  0]LogD3D11RHI:    0. 'NVIDIA GeForce GTX 1650 with Max-Q Design' (Feature Level 11_0)
[2022.07.04-08.18.53:035][  0]LogD3D11RHI:       3962/0/8101 MB DedicatedVideo/DedicatedSystem/SharedSystem, Outputs:1, VendorId:0x10de
[2022.07.04-08.18.53:048][  0]LogD3D11RHI:    1. 'Intel(R) UHD Graphics' (Feature Level 11_0)
[2022.07.04-08.18.53:048][  0]LogD3D11RHI:       128/0/8101 MB DedicatedVideo/DedicatedSystem/SharedSystem, Outputs:0, VendorId:0x8086
[2022.07.04-08.18.53:050][  0]LogD3D11RHI:    2. 'Microsoft Basic Render Driver' (Feature Level 11_0)
[2022.07.04-08.18.53:050][  0]LogD3D11RHI:       0/0/8101 MB DedicatedVideo/DedicatedSystem/SharedSystem, Outputs:0, VendorId:0x1414
[2022.07.04-08.18.53:050][  0]LogD3D11RHI: Chosen D3D11 Adapter:
[2022.07.04-08.18.53:050][  0]LogD3D11RHI:     Description : NVIDIA GeForce GTX 1650 with Max-Q Design
[2022.07.04-08.18.53:050][  0]LogD3D11RHI:     VendorId    : 10de
[2022.07.04-08.18.53:050][  0]LogD3D11RHI:     DeviceId    : 1f9d
[2022.07.04-08.18.53:050][  0]LogD3D11RHI:     SubSysId    : 12f41462
[2022.07.04-08.18.53:050][  0]LogD3D11RHI:     Revision    : 00a1
[2022.07.04-08.18.53:050][  0]LogD3D11RHI:     DedicatedVideoMemory : 4154458112 bytes
[2022.07.04-08.18.53:050][  0]LogD3D11RHI:     DedicatedSystemMemory : 0 bytes
[2022.07.04-08.18.53:050][  0]LogD3D11RHI:     SharedSystemMemory : 8494641152 bytes
[2022.07.04-08.18.53:050][  0]LogD3D11RHI:     AdapterLuid : 0 54803
[2022.07.04-08.18.53:055][  0]LogD3D11RHI: Creating new Direct3DDevice
[2022.07.04-08.18.53:055][  0]LogD3D11RHI:     GPU DeviceId: 0x1f9d (for the marketing name, search the web for "GPU Device Id")
[2022.07.04-08.18.53:055][  0]LogWindows: EnumDisplayDevices:
[2022.07.04-08.18.53:055][  0]LogWindows:    0. 'Intel(R) UHD Graphics' (P:1 D:1)
[2022.07.04-08.18.53:055][  0]LogWindows:    1. 'Intel(R) UHD Graphics' (P:0 D:0)
[2022.07.04-08.18.53:055][  0]LogWindows:    2. 'Intel(R) UHD Graphics' (P:0 D:0)
[2022.07.04-08.18.53:055][  0]LogWindows: DebugString: PrimaryIsNotTheChoosenAdapter PrimaryIsNotTheChoosenAdapter PrimaryIsNotTheChoosenAdapter FoundDriverCount:0 
[2022.07.04-08.18.53:055][  0]LogD3D11RHI:     Adapter Name: NVIDIA GeForce GTX 1650 with Max-Q Design
[2022.07.04-08.18.53:055][  0]LogD3D11RHI:   Driver Version: Unknown (internal:Unknown, unified:Unknown)
[2022.07.04-08.18.53:055][  0]LogD3D11RHI:      Driver Date: Unknown
[2022.07.04-08.18.53:055][  0]LogRHI: Texture pool is 2773 MB (70% of 3962 MB)
[2022.07.04-08.18.53:055][  0]LogD3D11RHI: Creating D3DDevice using adapter:
[2022.07.04-08.18.53:055][  0]LogD3D11RHI:     Description : NVIDIA GeForce GTX 1650 with Max-Q Design
[2022.07.04-08.18.53:055][  0]LogD3D11RHI:     VendorId    : 10de
[2022.07.04-08.18.53:055][  0]LogD3D11RHI:     DeviceId    : 1f9d
[2022.07.04-08.18.53:055][  0]LogD3D11RHI:     SubSysId    : 12f41462
[2022.07.04-08.18.53:055][  0]LogD3D11RHI:     Revision    : 00a1
[2022.07.04-08.18.53:055][  0]LogD3D11RHI:     DedicatedVideoMemory : 4154458112 bytes
[2022.07.04-08.18.53:055][  0]LogD3D11RHI:     DedicatedSystemMemory : 0 bytes
[2022.07.04-08.18.53:055][  0]LogD3D11RHI:     SharedSystemMemory : 8494641152 bytes
[2022.07.04-08.18.53:055][  0]LogD3D11RHI:     AdapterLuid : 0 54803
[2022.07.04-08.18.53:103][  0]LogD3D11RHI: RHI has support for 64 bit atomics
[2022.07.04-08.18.53:103][  0]LogD3D11RHI: Async texture creation enabled
[2022.07.04-08.18.53:103][  0]LogD3D11RHI: Array index from any shader is supported
[2022.07.04-08.18.53:120][  0]LogD3D11RHI: GPU Timing Frequency: 1000.000000 (Debug: 2 1)
[2022.07.04-08.18.53:150][  0]LogRHI: GeForceNow SDK initialized: 1
[2022.07.04-08.18.53:411][  0]LogTargetPlatformManager: Display: Loaded TargetPlatform 'AllDesktop'
[2022.07.04-08.18.53:430][  0]LogTargetPlatformManager: Display: Loaded TargetPlatform 'Android'
[2022.07.04-08.18.53:430][  0]LogTargetPlatformManager: Display: Loaded TargetPlatform 'Android_ASTC'
[2022.07.04-08.18.53:430][  0]LogTargetPlatformManager: Display: Loaded TargetPlatform 'Android_DXT'
[2022.07.04-08.18.53:430][  0]LogTargetPlatformManager: Display: Loaded TargetPlatform 'Android_ETC2'
[2022.07.04-08.18.53:430][  0]LogTargetPlatformManager: Display: Loaded TargetPlatform 'AndroidClient'
[2022.07.04-08.18.53:430][  0]LogTargetPlatformManager: Display: Loaded TargetPlatform 'Android_ASTCClient'
[2022.07.04-08.18.53:430][  0]LogTargetPlatformManager: Display: Loaded TargetPlatform 'Android_DXTClient'
[2022.07.04-08.18.53:430][  0]LogTargetPlatformManager: Display: Loaded TargetPlatform 'Android_ETC2Client'
[2022.07.04-08.18.53:430][  0]LogTargetPlatformManager: Display: Loaded TargetPlatform 'Android_Multi'
[2022.07.04-08.18.53:430][  0]LogTargetPlatformManager: Display: Loaded TargetPlatform 'Android_MultiClient'
[2022.07.04-08.18.53:445][  0]LogTargetPlatformManager: Display: Loaded TargetPlatform 'IOSClient'
[2022.07.04-08.18.53:445][  0]LogTargetPlatformManager: Display: Loaded TargetPlatform 'IOS'
[2022.07.04-08.18.53:454][  0]LogTargetPlatformManager: Display: Loaded TargetPlatform 'Linux'
[2022.07.04-08.18.53:457][  0]LogTargetPlatformManager: Display: Loaded TargetPlatform 'LinuxNoEditor'
[2022.07.04-08.18.53:461][  0]LogTargetPlatformManager: Display: Loaded TargetPlatform 'LinuxClient'
[2022.07.04-08.18.53:464][  0]LogTargetPlatformManager: Display: Loaded TargetPlatform 'LinuxServer'
[2022.07.04-08.18.53:473][  0]LogTargetPlatformManager: Display: Loaded TargetPlatform 'LinuxAArch64NoEditor'
[2022.07.04-08.18.53:476][  0]LogTargetPlatformManager: Display: Loaded TargetPlatform 'LinuxAArch64Client'
[2022.07.04-08.18.53:480][  0]LogTargetPlatformManager: Display: Loaded TargetPlatform 'LinuxAArch64Server'
[2022.07.04-08.18.53:503][  0]LogTargetPlatformManager: Display: Loaded TargetPlatform 'Lumin'
[2022.07.04-08.18.53:503][  0]LogTargetPlatformManager: Display: Loaded TargetPlatform 'LuminClient'
[2022.07.04-08.18.53:511][  0]LogTargetPlatformManager: Display: Loaded TargetPlatform 'MacNoEditor'
[2022.07.04-08.18.53:514][  0]LogTargetPlatformManager: Display: Loaded TargetPlatform 'Mac'
[2022.07.04-08.18.53:518][  0]LogTargetPlatformManager: Display: Loaded TargetPlatform 'MacClient'
[2022.07.04-08.18.53:521][  0]LogTargetPlatformManager: Display: Loaded TargetPlatform 'MacServer'
[2022.07.04-08.18.53:530][  0]LogTargetPlatformManager: Display: Loaded TargetPlatform 'TVOSClient'
[2022.07.04-08.18.53:530][  0]LogTargetPlatformManager: Display: Loaded TargetPlatform 'TVOS'
[2022.07.04-08.18.53:539][  0]LogTargetPlatformManager: Display: Loaded TargetPlatform 'WindowsNoEditor'
[2022.07.04-08.18.53:543][  0]LogTargetPlatformManager: Display: Loaded TargetPlatform 'Windows'
[2022.07.04-08.18.53:547][  0]LogTargetPlatformManager: Display: Loaded TargetPlatform 'WindowsClient'
[2022.07.04-08.18.53:550][  0]LogTargetPlatformManager: Display: Loaded TargetPlatform 'WindowsServer'
[2022.07.04-08.18.53:550][  0]LogTargetPlatformManager: Display: Building Assets For Windows
[2022.07.04-08.18.53:556][  0]LogAudioDebug: Display: Lib vorbis DLL was dynamically loaded.
[2022.07.04-08.18.53:580][  0]LogTextureFormatOodle: Display: Oodle Texture 2.9.0 init RDO Off
[2022.07.04-08.18.53:604][  0]LogRendererCore: Ray tracing is disabled. Reason: r.RayTracing=0.
[2022.07.04-08.18.53:604][  0]LogShaderCompilers: Guid format shader working directory is 2 characters bigger than the processId version (../../../../../../work/my/unrial/UnrealClass1/Intermediate/Shaders/WorkingDirectory/816/).
[2022.07.04-08.18.53:604][  0]LogShaderCompilers: Cleaned the shader compiler working directory 'C:/Users/suk99/AppData/Local/Temp/UnrealShaderWorkingDir/CB0281624B77BEBC543B098C20767429/'.
[2022.07.04-08.18.53:604][  0]LogXGEController: Cannot use XGE Controller as Incredibuild is not installed on this machine.
[2022.07.04-08.18.53:604][  0]LogShaderCompilers: Cannot use XGE Shader Compiler as Incredibuild is not installed on this machine.
[2022.07.04-08.18.53:604][  0]LogShaderCompilers: Display: Using Local Shader Compiler.
[2022.07.04-08.18.54:276][  0]LogDerivedDataCache: Display: Max Cache Size: 512 MB
[2022.07.04-08.18.54:330][  0]LogDerivedDataCache: Loaded boot cache 0.05s 94MB C:/Users/suk99/AppData/Local/UnrealEngine/4.27/DerivedDataCache/Boot.ddc.
[2022.07.04-08.18.54:330][  0]LogDerivedDataCache: Display: Loaded Boot cache: C:/Users/suk99/AppData/Local/UnrealEngine/4.27/DerivedDataCache/Boot.ddc
[2022.07.04-08.18.54:330][  0]LogDerivedDataCache: FDerivedDataBackendGraph:  Pak pak cache file ../../../../../../work/my/unrial/UnrealClass1/DerivedDataCache/DDC.ddp not found, will not use a pak cache.
[2022.07.04-08.18.54:330][  0]LogDerivedDataCache: Unable to find inner node Pak for hierarchical cache Hierarchy.
[2022.07.04-08.18.54:330][  0]LogDerivedDataCache: FDerivedDataBackendGraph:  CompressedPak pak cache file ../../../../../../work/my/unrial/UnrealClass1/DerivedDataCache/Compressed.ddp not found, will not use a pak cache.
[2022.07.04-08.18.54:330][  0]LogDerivedDataCache: Unable to find inner node CompressedPak for hierarchical cache Hierarchy.
[2022.07.04-08.18.54:345][  0]LogDerivedDataCache: Display: Pak cache opened for reading ../../../Engine/DerivedDataCache/Compressed.ddp.
[2022.07.04-08.18.54:345][  0]LogDerivedDataCache: FDerivedDataBackendGraph:  EnterprisePak pak cache file ../../../Enterprise/DerivedDataCache/Compressed.ddp not found, will not use a pak cache.
[2022.07.04-08.18.54:345][  0]LogDerivedDataCache: Unable to find inner node EnterprisePak for hierarchical cache Hierarchy.
[2022.07.04-08.18.54:353][  0]LogDerivedDataCache: Speed tests for C:/Users/suk99/AppData/Local/UnrealEngine/Common/DerivedDataCache took 0.01 seconds
[2022.07.04-08.18.54:353][  0]LogDerivedDataCache: Display: Performance to C:/Users/suk99/AppData/Local/UnrealEngine/Common/DerivedDataCache: Latency=0.02ms. RandomReadSpeed=250.34MBs, RandomWriteSpeed=244.11MBs. Assigned SpeedClass 'Local'
[2022.07.04-08.18.54:353][  0]LogDerivedDataCache: Using Local data cache path C:/Users/suk99/AppData/Local/UnrealEngine/Common/DerivedDataCache: Writable
[2022.07.04-08.18.54:353][  0]LogDerivedDataCache: Shared data cache path not found in *engine.ini, will not use an Shared cache.
[2022.07.04-08.18.54:353][  0]LogDerivedDataCache: Unable to find inner node Shared for hierarchical cache Hierarchy.
[2022.07.04-08.18.54:394][  0]LogSlate: Using FreeType 2.10.0
[2022.07.04-08.18.54:395][  0]LogSlate: SlateFontServices - WITH_FREETYPE: 1, WITH_HARFBUZZ: 1
[2022.07.04-08.18.54:414][  0]LogAssetRegistry: FAssetRegistry took 0.0023 seconds to start up
[2022.07.04-08.18.54:627][  0]LogInit: Selected Device Profile: [Windows]
[2022.07.04-08.18.54:627][  0]LogInit: Active device profile: [000001BCF98A0B00][000001BCEF26CE00 49] Windows
[2022.07.04-08.18.54:627][  0]LogInit: Profiles: [000001BCF98A0B00][000001BCEF26CE00 49] Windows, [000001BCF9866100][000001BCEF948F80 49] WindowsNoEditor, [000001BCF98A1900][000001BCEF94D100 49] WindowsServer, [000001BCF9866E00][000001BCEF951280 49] WindowsClient, [000001BCF98A3C00][000001BCEF955400 49] IOS, [000001BCF9864F00][000001BCEF959580 49] iPadAir, [000001BCF98A3E00][000001BCEF95D700 49] iPadAir2, [000001BCF97F0C00][000001BCF9D539C0 49] IPadPro, [000001BCF97F0D00][000001BCF9D4FA00 49] iPadAir3, [000001BCF9867B00][000001BCF316FB80 49] iPadAir4, [000001BCF97F3600][000001BCF3172180 49] iPadMini2, [000001BCF9867200][000001BCF3176300 49] iPadMini3, [000001BCF97F3800][000001BCF317A480 49] iPadMini4, [000001BCF9867800][000001BCF317E600 49] iPadMini5, [000001BCF9810600][000001BCEF960840 49] iPhone6, [000001BCF9810700][000001BCEF944880 49] iPodTouch6, [000001BCF98A2900][000001BCEF96CAC0 49] iPhone7, [000001BCF98A2800][000001BCEF968B00 49] iPodTouch7, [000001BCF9810100][000001BCEF970C80 49] iPhone5S, [000001BCF97F0700][000001BCEF97AE00 49] iPhone6Plus, [000001BCF9812500][000001BCEF97EF80 49] iPhone6S, [000001BCF97F1300][000001BCEF983100 49] iPhone6SPlus, [000001BCF9813B00][000001BCEF987280 49] iPhone7Plus, [000001BCF97F3500][000001BCEEB6F400 49] iPhoneSE, [000001BCF98A2600][000001BCEEB73580 49] iPhone8, [000001BCF97F0600][000001BCEEBF5700 49] iPhone8Plus, [000001BCF98A2200][000001BCEF965880 49] iPhoneX, [000001BCF97F3300][000001BCEEB83A00 49] iPhoneXS, [000001BCF98A3400][000001BCEEB87B80 49] iPhoneXSMax, [000001BCF97F2D00][000001BCEEB8A180 49] iPhoneXR, [000001BCF98A0200][000001BCEF8A4300 49] iPhone11, [000001BCF97F1E00][000001BCEF9AA480 49] iPhone11Pro, [000001BCF98A2A00][000001BCF3184600 49] iPhone11ProMax, [000001BCF97F3700][000001BCEEC04780 49] iPhoneSE2, [000001BCF98A0D00][000001BCE8CBE900 49] iPhone12Mini, [000001BCF97F1F00][000001BCEEBF8A40 49] iPhone12, [000001BCF98A0700][000001BCEF996B80 49] iPhone12Pro, [000001BCF97F1400][000001BCEF8A8CC0 49] iPhone12ProMax, [000001BCF98A0C00][000001BCEF8B0E40 49] iPadPro105, [000001BCF97F1700][000001BCEF8B4FC0 49] iPadPro129, [000001BCF98A0100][000001BCEF8B9140 49] iPadPro97, [000001BCF97F3C00][000001BCEF8BD2C0 49] iPadPro2_129, [000001BCF98A0800][000001BCEF8C1440 49] iPad5, [000001BCF97F3100][000001BCEF8C55C0 49] iPad6, [000001BCF98A0500][000001BCEF8C9740 49] iPad7, [000001BCF97F2800][000001BCEF8CD8C0 49] iPad8, [000001BCF98A1500][000001BCEF8D1A40 49] iPadPro11, [000001BCF97F1500][000001BCEF8D5BC0 49] iPadPro2_11, [000001BCF98A0F00][000001BCEF8D81C0 49] iPadPro3_129, [000001BCF97F2C00][000001BCEF8DC340 49] iPadPro4_129, [000001BCF98A2500][000001BCEF8E04C0 49] AppleTV, [000001BCF97F1100][000001BCEF8E4640 49] AppleTV4K, [000001BCF98A0400][000001BCEF8E87C0 49] TVOS, [000001BCF97F2600][000001BCEF8EC940 49] Mac, [000001BCF98A3D00][000001BCEF8F0AC0 49] MacClient, [000001BCF97F1800][000001BCEF8ACC00 49] MacNoEditor, [000001BCF98A3100][000001BCEF8F4D40 49] MacServer, [000001BCF97F3900][000001BCEF8F8E80 49] Linux, [000001BCF98A0900][000001BCEF8FCFC0 49] LinuxAArch64, [000001BCF97F3F00][000001BCEF905140 49] LinuxNoEditor, [000001BCF98A1B00][000001BCEF9092C0 49] LinuxAArch64NoEditor, [000001BCF97F3400][000001BCEF90D440 49] LinuxClient, [000001BCF98A1C00][000001BCEF9115C0 49] LinuxAArch64Client, [000001BCF97F1D00][000001BCEF915740 49] LinuxServer, [000001BCF98A2F00][000001BCEF9198C0 49] LinuxAArch64Server, [000001BCF97F0500][000001BCEF91DA40 49] Android, [000001BCF98A1E00][000001BCEF921BC0 49] Android_Low, [000001BCF97F3000][000001BCEF9241C0 49] Android_Mid, [000001BCF98A2400][000001BCEF928340 49] Android_High, [000001BCF97F0800][000001BCEF92C4C0 49] Android_Default, [000001BCF98A3200][000001BCEF930640 49] Android_Adreno4xx, [000001BCF9866400][000001BCEF9347C0 49] Android_Adreno5xx_Low, [000001BCF9811C00][000001BCF9960940 49] Android_Adreno5xx, [000001BCF9867D00][000001BCF9964AC0 49] Android_Adreno6xx, [000001BCF9812B00][000001BCF9968C40 49] Android_Adreno6xx_Vulkan, [000001BCF9867E00][000001BCEF900D80 49] Android_Mali_T6xx, [000001BCF9810F00][000001BCF996CEC0 49] Android_Mali_T7xx, [000001BCF9865300][000001BCF9971000 49] Android_Mali_T8xx, [000001BCF9811F00][000001BCF9975140 49] Android_Mali_G71, [000001BCF9865C00][000001BCF997D2C0 49] Android_Mali_G72, [000001BCF9812400][000001BCF9981440 49] Android_Mali_G72_Vulkan, [000001BCF9867600][000001BCF99855C0 49] Android_Mali_G76, [000001BCF9812100][000001BCF9989740 49] Android_Mali_G76_Vulkan, [000001BCF9865B00][000001BCF998D8C0 49] Android_Mali_G77, [000001BCF9810A00][000001BCF9991A40 49] Android_Mali_G77_Vulkan, [000001BCF9867400][000001BCF9995BC0 49] Android_Mali_G78, [000001BCF9811300][000001BCF99981C0 49] Android_Mali_G78_Vulkan, [000001BCF9866900][000001BCF999C340 49] Android_Mali_G710, [000001BCF9813D00][000001BCF99A04C0 49] Android_Mali_G710_Vulkan, [000001BCF9865E00][000001BCF99A4640 49] Android_Vulkan_SM5, [000001BCF9810900][000001BCF99A87C0 49] Android_PowerVR_G6xxx, [000001BCF9865F00][000001BCF99AC940 49] Android_PowerVR_GT7xxx, [000001BCF9812700][000001BCF99B0AC0 49] Android_PowerVR_GE8xxx, [000001BCF9866300][000001BCF99B4C40 49] Android_PowerVR_GM9xxx, [000001BCF9813200][000001BCF99B8DC0 49] Android_PowerVR_GM9xxx_Vulkan, [000001BCF9867000][000001BCF99BCF40 49] Android_TegraK1, [000001BCF9811700][000001BCF9979080 49] Android_Unknown_Vulkan, [000001BCF9867700][000001BCF99C11C0 49] Lumin, [000001BCF9810200][000001BCF99C5300 49] Lumin_Desktop, [000001BCF9866200][000001BCF99CD480 49] HoloLens, 
[2022.07.04-08.18.54:742][  0]LogMeshReduction: Using QuadricMeshReduction for automatic static mesh reduction
[2022.07.04-08.18.54:742][  0]LogMeshReduction: Using SimplygonMeshReduction for automatic skeletal mesh reduction
[2022.07.04-08.18.54:742][  0]LogMeshReduction: Using ProxyLODMeshReduction for automatic mesh merging
[2022.07.04-08.18.54:742][  0]LogMeshReduction: No distributed automatic mesh merging module available
[2022.07.04-08.18.54:742][  0]LogMeshMerging: No distributed automatic mesh merging module available
[2022.07.04-08.18.54:754][  0]LogNetVersion: UnrealClass1 1.0.0, NetCL: 17155196, EngineNetVer: 17, GameNetVer: 0 (Checksum: 2166266871)
[2022.07.04-08.18.55:114][  0]LogTexture: Default maximum texture size for cubemaps generated from long-lat sources has been changed from 512 to unlimited. In order to preserve old behaiour for '/Engine/MapTemplates/Sky/DaylightAmbientCubemap.DaylightAmbientCubemap', its maximum texture size has been explicitly set to 512.
[2022.07.04-08.18.55:166][  0]LogHMD: PokeAHoleMaterial loaded successfully
[2022.07.04-08.18.55:172][  0]LogUObjectArray: 17178 objects as part of root set at end of initial load.
[2022.07.04-08.18.55:172][  0]LogUObjectAllocator: 4302048 out of 0 bytes used by permanent object pool.
[2022.07.04-08.18.55:172][  0]LogUObjectArray: CloseDisregardForGC: 0/0 objects in disregard for GC pool
[2022.07.04-08.18.55:484][  0]LogNiagaraDebuggerClient: Niagara Debugger Client Initialized | Session: 7E5296AE4C8BC73113A2A49A6F15C32A | Instance: 4D102AAA4AA8675D2E8FA49527090A0D (DESKTOP-N56AVM6-816).
[2022.07.04-08.18.55:519][  0]LogPython: Using Python 3.7.7
[2022.07.04-08.18.55:974][  0]LogTcpMessaging: Initializing TcpMessaging bridge
[2022.07.04-08.18.55:978][  0]LogUdpMessaging: Initializing bridge on interface 0.0.0.0:0 to multicast group 230.0.0.1:6666.
[2022.07.04-08.18.56:170][  0]SourceControl: 소스 컨트롤이 꺼졌습니다.
[2022.07.04-08.18.56:170][  0]SourceControl: 소스 컨트롤이 꺼졌습니다.
[2022.07.04-08.18.56:172][  0]SourceControl: 소스 컨트롤이 꺼졌습니다.
[2022.07.04-08.18.56:174][  0]SourceControl: 소스 컨트롤이 꺼졌습니다.
[2022.07.04-08.18.56:177][  0]SourceControl: 소스 컨트롤이 꺼졌습니다.
[2022.07.04-08.18.56:209][  0]LogUProjectInfo: Found projects:
[2022.07.04-08.18.56:286][  0]LogOpenImageDenoise: OIDN starting up
[2022.07.04-08.18.56:308][  0]LogAndroidPermission: UAndroidPermissionCallbackProxy::GetInstance
[2022.07.04-08.18.56:327][  0]LogAudioCaptureCore: Display: No Audio Capture implementations found. Audio input will be silent.
[2022.07.04-08.18.56:327][  0]LogAudioCaptureCore: Display: No Audio Capture implementations found. Audio input will be silent.
[2022.07.04-08.18.56:426][  0]LogCollectionManager: Loaded 0 collections in 0.001335 seconds
[2022.07.04-08.18.56:448][  0]LogFileCache: Scanning file cache for directory 'C:/work/my/unrial/UnrealClass1/Saved/Collections/' took 0.00s
[2022.07.04-08.18.56:448][  0]LogFileCache: Scanning file cache for directory 'C:/work/my/unrial/UnrealClass1/Content/Developers/suk99/Collections/' took 0.00s
[2022.07.04-08.18.56:448][  0]LogFileCache: Scanning file cache for directory 'C:/work/my/unrial/UnrealClass1/Content/Collections/' took 0.00s
[2022.07.04-08.18.56:448][  0]LogOcInput: OculusInput pre-init called
[2022.07.04-08.18.56:676][  0]LogEngine: Initializing Engine...
[2022.07.04-08.18.56:680][  0]LogHMD: Failed to enumerate extensions. Please check that you have a valid OpenXR runtime installed.
[2022.07.04-08.18.56:680][  0]LogHMD: Failed to initialize OpenVR with code 110
[2022.07.04-08.18.56:680][  0]LogMagicLeap: Warning: VR disabled because ZI is not enabled.  To enable, in the editor, Edit -> Project Settings -> Plugins -> Magic Leap Plugin -> Enable Zero Iteration
[2022.07.04-08.18.56:681][  0]LogStats: UGameplayTagsManager::InitializeManager -  0.000 s
[2022.07.04-08.18.56:801][  0]LogInit: Initializing FReadOnlyCVARCache
[2022.07.04-08.18.56:807][  0]LogAIModule: Creating AISystem for world Untitled
[2022.07.04-08.18.56:807][  0]LogAudio: Display: Initializing Audio Device Manager...
[2022.07.04-08.18.56:809][  0]LogAudio: Display: Loading Default Audio Settings Objects...
[2022.07.04-08.18.56:810][  0]LogAudio: Display: No default SoundConcurrencyObject specified (or failed to load).
[2022.07.04-08.18.56:810][  0]LogAudio: Display: Audio Device Manager Initialized
[2022.07.04-08.18.56:810][  0]LogAudio: Display: Creating Audio Device:                 Id: 1, Scope: Shared, Realtime: True
[2022.07.04-08.18.56:810][  0]LogAudioMixer: Display: Audio Mixer Platform Settings:
[2022.07.04-08.18.56:810][  0]LogAudioMixer: Display: 	Sample Rate:						  48000
[2022.07.04-08.18.56:810][  0]LogAudioMixer: Display: 	Callback Buffer Frame Size Requested: 1024
[2022.07.04-08.18.56:810][  0]LogAudioMixer: Display: 	Callback Buffer Frame Size To Use:	  1024
[2022.07.04-08.18.56:810][  0]LogAudioMixer: Display: 	Number of buffers to queue:			  2
[2022.07.04-08.18.56:810][  0]LogAudioMixer: Display: 	Max Channels (voices):				  32
[2022.07.04-08.18.56:810][  0]LogAudioMixer: Display: 	Number of Async Source Workers:		  0
[2022.07.04-08.18.56:810][  0]LogAudio: Display: AudioDevice MaxSources: 32
[2022.07.04-08.18.56:810][  0]LogAudio: Display: Audio Spatialization Plugin: None (built-in).
[2022.07.04-08.18.56:810][  0]LogAudio: Display: Audio Reverb Plugin: None (built-in).
[2022.07.04-08.18.56:810][  0]LogAudio: Display: Audio Occlusion Plugin: None (built-in).
[2022.07.04-08.18.56:810][  0]LogAudioMixer: Display: Initializing audio mixer.
[2022.07.04-08.18.56:820][  0]LogAudioMixer: Display: 0: FrontLeft
[2022.07.04-08.18.56:820][  0]LogAudioMixer: Display: 1: FrontRight
[2022.07.04-08.18.56:850][  0]LogAudioMixer: Display: Using Audio Device 스피커(Realtek(R) Audio)
[2022.07.04-08.18.56:855][  0]LogAudioMixer: Display: Initializing Sound Submixes...
[2022.07.04-08.18.56:856][  0]LogAudioMixer: Display: Creating Master Submix 'MasterSubmixDefault'
[2022.07.04-08.18.56:856][  0]LogAudioMixer: Display: Creating Master Submix 'MasterReverbSubmixDefault'
[2022.07.04-08.18.56:857][  0]LogAudioMixer: Display: Creating Master Submix 'MasterEQSubmixDefault'
[2022.07.04-08.18.56:857][  0]LogAudioMixer: FMixerPlatformXAudio2::StartAudioStream() called
[2022.07.04-08.18.56:857][  0]LogAudioMixer: Display: Output buffers initialized: Frames=1024, Channels=2, Samples=2048
[2022.07.04-08.18.56:858][  0]LogAudioMixer: Display: Starting AudioMixerPlatformInterface::RunInternal()
[2022.07.04-08.18.56:858][  0]LogAudioMixer: Display: FMixerPlatformXAudio2::SubmitBuffer() called for the first time
[2022.07.04-08.18.56:858][  0]LogInit: FAudioDevice initialized.
[2022.07.04-08.18.56:858][  0]LogAudio: Display: Audio Device (ID: 1) registered with world 'Untitled'.
[2022.07.04-08.18.56:858][  0]LogNetVersion: Set ProjectVersion to 1.0.0.0. Version Checksum will be recalculated on next use.
[2022.07.04-08.18.56:901][  0]LogDerivedDataCache: Saved boot cache 0.04s 94MB C:/Users/suk99/AppData/Local/UnrealEngine/4.27/DerivedDataCache/Boot.ddc.
[2022.07.04-08.18.56:902][  0]LogInit: Texture streaming: Enabled
[2022.07.04-08.18.56:911][  0]LogAnalytics: Display: [UEEditor.Rocket.Release] APIServer = https://datarouter.ol.epicgames.com/. AppVersion = 4.27.2-18319896+++UE4+Release-4.27
[2022.07.04-08.18.56:914][  0]LogEngineSessionManager: EngineSessionManager initialized
[2022.07.04-08.18.56:914][  0]LogEditorSessionSummary: Verbose: Initializing EditorSessionSummaryWriter for editor session tracking
[2022.07.04-08.18.56:916][  0]LogEditorSessionSummary: EditorSessionSummaryWriter initialized
[2022.07.04-08.18.56:940][  0]LogInit: Transaction tracking system initialized
[2022.07.04-08.18.56:961][  0]BlueprintLog: New page: 에디터 로드
[2022.07.04-08.18.57:015][  0]LocalizationService: 현지화 서비스가 비활성화되었습니다.
[2022.07.04-08.18.57:039][  0]TimingProfiler: Initialize
[2022.07.04-08.18.57:039][  0]TimingProfiler: OnSessionChanged
[2022.07.04-08.18.57:039][  0]LoadingProfiler: Initialize
[2022.07.04-08.18.57:039][  0]LoadingProfiler: OnSessionChanged
[2022.07.04-08.18.57:039][  0]NetworkingProfiler: Initialize
[2022.07.04-08.18.57:039][  0]NetworkingProfiler: OnSessionChanged
[2022.07.04-08.18.57:039][  0]MemoryProfiler: Initialize
[2022.07.04-08.18.57:039][  0]MemoryProfiler: OnSessionChanged
[2022.07.04-08.18.57:168][  0]LogCook: Display: CookSettings for Memory: MemoryMaxUsedVirtual 0MiB, MemoryMaxUsedPhysical 16384MiB, MemoryMinFreeVirtual 0MiB, MemoryMinFreePhysical 1024MiB
[2022.07.04-08.18.57:168][  0]LogCook: Display: Mobile HDR setting 1
[2022.07.04-08.18.57:341][  0]LogFileCache: Scanning file cache for directory 'C:/work/my/unrial/UnrealClass1/Content/' took 0.00s
[2022.07.04-08.18.57:556][  0]LogInit: Display: Engine is initialized. Leaving FEngineLoop::Init()
[2022.07.04-08.18.57:558][  0]SourceControl: 소스 컨트롤이 꺼졌습니다.
[2022.07.04-08.18.57:559][  0]LogUnrealEdMisc: Loading editor; pre map load, took 5.932
[2022.07.04-08.18.57:559][  0]Cmd: MAP LOAD FILE="../../../../../../work/my/unrial/UnrealClass1/Content/StarterContent/Maps/Minimal_Default.umap" TEMPLATE=0 SHOWPROGRESS=1 FEATURELEVEL=3
[2022.07.04-08.18.57:559][  0]LightingResults: New page: 라이팅 빌드
[2022.07.04-08.18.57:561][  0]LogWorld: UWorld::CleanupWorld for Untitled, bSessionEnded=true, bCleanupResources=true
[2022.07.04-08.18.57:561][  0]LogSlate: InvalidateAllWidgets triggered.  All widgets were invalidated
[2022.07.04-08.18.57:561][  0]MapCheck: New page: 맵 체크
[2022.07.04-08.18.57:561][  0]LightingResults: New page: 라이팅 빌드
[2022.07.04-08.18.57:565][  0]LogAudio: Display: Audio Device unregistered from world 'None'.
[2022.07.04-08.18.57:568][  0]LogUObjectHash: Compacting FUObjectHashTables data took   0.73ms
[2022.07.04-08.18.57:730][  0]LogAudio: Display: Audio Device (ID: 1) registered with world 'Minimal_Default'.
[2022.07.04-08.18.57:731][  0]LogAIModule: Creating AISystem for world Minimal_Default
[2022.07.04-08.18.57:736][  0]LogEditorServer: Finished looking for orphan Actors (0.000 secs)
[2022.07.04-08.18.57:745][  0]LogUObjectHash: Compacting FUObjectHashTables data took   0.80ms
[2022.07.04-08.18.57:746][  0]Cmd: MAP CHECKDEP NOCLEARLOG
[2022.07.04-08.18.57:746][  0]MapCheck: 맵 체크 완료: 오류 0 회, 경고 0 회, 소요 시간 0.18ms.
[2022.07.04-08.18.57:746][  0]LogFileHelpers: Loading map 'Minimal_Default' took 0.188
[2022.07.04-08.18.57:748][  0]LogUnrealEdMisc: Total Editor Startup Time, took 6.122
[2022.07.04-08.18.57:884][  0]LogSlate: Updating window title bar state: overlay mode, drag disabled, window buttons hidden, title bar hidden
[2022.07.04-08.18.57:892][  0]LogSlate: Updating window title bar state: overlay mode, drag disabled, window buttons hidden, title bar hidden
[2022.07.04-08.18.57:898][  0]LogSlate: Updating window title bar state: overlay mode, drag disabled, window buttons hidden, title bar hidden
[2022.07.04-08.18.57:903][  0]LogSlate: Updating window title bar state: overlay mode, drag disabled, window buttons hidden, title bar hidden
[2022.07.04-08.18.57:917][  0]LogNativeClassHierarchy: Verbose: Native class hierarchy populated in 0.0090 seconds. Added 3822 classes and 928 folders.
[2022.07.04-08.18.57:921][  0]LogNativeClassHierarchy: Verbose: Native class hierarchy updated for 'WidgetCarousel' in 0.0003 seconds. Added 0 classes and 0 folders.
[2022.07.04-08.18.57:923][  0]LogPakFile: PakFile PrimaryIndexSize=187
[2022.07.04-08.18.57:923][  0]LogPakFile: PakFile PathHashIndexSize=101
[2022.07.04-08.18.57:923][  0]LogPakFile: PakFile FullDirectoryIndexSize=148
[2022.07.04-08.18.57:923][  0]LogShaderLibrary: Display: ShaderCodeLibraryPakFileMountedCallback: PakFile 'C:/Program Files/Epic Games/UE_4.27/FeaturePacks/FP_FirstPerson.upack' (chunk index -1, root 'root:/') mounted
[2022.07.04-08.18.57:923][  0]LogShaderLibrary: Display: ShaderCodeLibraryPakFileMountedCallback: pending pak file info (ChunkID:-1 Root:root:/ File:C:/Program Files/Epic Games/UE_4.27/FeaturePacks/FP_FirstPerson.upack)
[2022.07.04-08.18.57:923][  0]LogPakFile: OnPakFileMounted2Time == 0.000043
[2022.07.04-08.18.57:924][  0]LogPakFile: PakFile PrimaryIndexSize=189
[2022.07.04-08.18.57:924][  0]LogPakFile: PakFile PathHashIndexSize=101
[2022.07.04-08.18.57:924][  0]LogPakFile: PakFile FullDirectoryIndexSize=152
[2022.07.04-08.18.57:924][  0]LogShaderLibrary: Display: ShaderCodeLibraryPakFileMountedCallback: PakFile 'C:/Program Files/Epic Games/UE_4.27/FeaturePacks/FP_FirstPersonBP.upack' (chunk index -1, root 'root:/') mounted
[2022.07.04-08.18.57:924][  0]LogShaderLibrary: Display: ShaderCodeLibraryPakFileMountedCallback: pending pak file info (ChunkID:-1 Root:root:/ File:C:/Program Files/Epic Games/UE_4.27/FeaturePacks/FP_FirstPersonBP.upack)
[2022.07.04-08.18.57:924][  0]LogPakFile: OnPakFileMounted2Time == 0.000033
[2022.07.04-08.18.57:924][  0]LogPakFile: PakFile PrimaryIndexSize=191
[2022.07.04-08.18.57:924][  0]LogPakFile: PakFile PathHashIndexSize=101
[2022.07.04-08.18.57:924][  0]LogPakFile: PakFile FullDirectoryIndexSize=160
[2022.07.04-08.18.57:924][  0]LogShaderLibrary: Display: ShaderCodeLibraryPakFileMountedCallback: PakFile 'C:/Program Files/Epic Games/UE_4.27/FeaturePacks/MobileStarterContent.upack' (chunk index -1, root 'root:/') mounted
[2022.07.04-08.18.57:924][  0]LogShaderLibrary: Display: ShaderCodeLibraryPakFileMountedCallback: pending pak file info (ChunkID:-1 Root:root:/ File:C:/Program Files/Epic Games/UE_4.27/FeaturePacks/MobileStarterContent.upack)
[2022.07.04-08.18.57:924][  0]LogPakFile: OnPakFileMounted2Time == 0.000031
[2022.07.04-08.18.57:925][  0]LogPakFile: PakFile PrimaryIndexSize=185
[2022.07.04-08.18.57:925][  0]LogPakFile: PakFile PathHashIndexSize=101
[2022.07.04-08.18.57:925][  0]LogPakFile: PakFile FullDirectoryIndexSize=148
[2022.07.04-08.18.57:925][  0]LogShaderLibrary: Display: ShaderCodeLibraryPakFileMountedCallback: PakFile 'C:/Program Files/Epic Games/UE_4.27/FeaturePacks/StarterContent.upack' (chunk index -1, root 'root:/') mounted
[2022.07.04-08.18.57:925][  0]LogShaderLibrary: Display: ShaderCodeLibraryPakFileMountedCallback: pending pak file info (ChunkID:-1 Root:root:/ File:C:/Program Files/Epic Games/UE_4.27/FeaturePacks/StarterContent.upack)
[2022.07.04-08.18.57:925][  0]LogPakFile: OnPakFileMounted2Time == 0.000031
[2022.07.04-08.18.57:925][  0]LogPakFile: PakFile PrimaryIndexSize=190
[2022.07.04-08.18.57:925][  0]LogPakFile: PakFile PathHashIndexSize=101
[2022.07.04-08.18.57:925][  0]LogPakFile: PakFile FullDirectoryIndexSize=154
[2022.07.04-08.18.57:925][  0]LogShaderLibrary: Display: ShaderCodeLibraryPakFileMountedCallback: PakFile 'C:/Program Files/Epic Games/UE_4.27/FeaturePacks/TP_2DSideScroller.upack' (chunk index -1, root 'root:/') mounted
[2022.07.04-08.18.57:925][  0]LogShaderLibrary: Display: ShaderCodeLibraryPakFileMountedCallback: pending pak file info (ChunkID:-1 Root:root:/ File:C:/Program Files/Epic Games/UE_4.27/FeaturePacks/TP_2DSideScroller.upack)
[2022.07.04-08.18.57:925][  0]LogPakFile: OnPakFileMounted2Time == 0.000046
[2022.07.04-08.18.57:926][  0]LogPakFile: PakFile PrimaryIndexSize=192
[2022.07.04-08.18.57:926][  0]LogPakFile: PakFile PathHashIndexSize=101
[2022.07.04-08.18.57:926][  0]LogPakFile: PakFile FullDirectoryIndexSize=158
[2022.07.04-08.18.57:926][  0]LogShaderLibrary: Display: ShaderCodeLibraryPakFileMountedCallback: PakFile 'C:/Program Files/Epic Games/UE_4.27/FeaturePacks/TP_2DSideScrollerBP.upack' (chunk index -1, root 'root:/') mounted
[2022.07.04-08.18.57:926][  0]LogShaderLibrary: Display: ShaderCodeLibraryPakFileMountedCallback: pending pak file info (ChunkID:-1 Root:root:/ File:C:/Program Files/Epic Games/UE_4.27/FeaturePacks/TP_2DSideScrollerBP.upack)
[2022.07.04-08.18.57:926][  0]LogPakFile: OnPakFileMounted2Time == 0.000053
[2022.07.04-08.18.57:927][  0]LogPakFile: PakFile PrimaryIndexSize=182
[2022.07.04-08.18.57:927][  0]LogPakFile: PakFile PathHashIndexSize=101
[2022.07.04-08.18.57:927][  0]LogPakFile: PakFile FullDirectoryIndexSize=138
[2022.07.04-08.18.57:927][  0]LogShaderLibrary: Display: ShaderCodeLibraryPakFileMountedCallback: PakFile 'C:/Program Files/Epic Games/UE_4.27/FeaturePacks/TP_Flying.upack' (chunk index -1, root 'root:/') mounted
[2022.07.04-08.18.57:927][  0]LogShaderLibrary: Display: ShaderCodeLibraryPakFileMountedCallback: pending pak file info (ChunkID:-1 Root:root:/ File:C:/Program Files/Epic Games/UE_4.27/FeaturePacks/TP_Flying.upack)
[2022.07.04-08.18.57:927][  0]LogPakFile: OnPakFileMounted2Time == 0.000029
[2022.07.04-08.18.57:927][  0]LogPakFile: PakFile PrimaryIndexSize=184
[2022.07.04-08.18.57:927][  0]LogPakFile: PakFile PathHashIndexSize=101
[2022.07.04-08.18.57:927][  0]LogPakFile: PakFile FullDirectoryIndexSize=142
[2022.07.04-08.18.57:927][  0]LogShaderLibrary: Display: ShaderCodeLibraryPakFileMountedCallback: PakFile 'C:/Program Files/Epic Games/UE_4.27/FeaturePacks/TP_FlyingBP.upack' (chunk index -1, root 'root:/') mounted
[2022.07.04-08.18.57:927][  0]LogShaderLibrary: Display: ShaderCodeLibraryPakFileMountedCallback: pending pak file info (ChunkID:-1 Root:root:/ File:C:/Program Files/Epic Games/UE_4.27/FeaturePacks/TP_FlyingBP.upack)
[2022.07.04-08.18.57:927][  0]LogPakFile: OnPakFileMounted2Time == 0.000029
[2022.07.04-08.18.57:927][  0]LogPakFile: PakFile PrimaryIndexSize=188
[2022.07.04-08.18.57:927][  0]LogPakFile: PakFile PathHashIndexSize=101
[2022.07.04-08.18.57:927][  0]LogPakFile: PakFile FullDirectoryIndexSize=150
[2022.07.04-08.18.57:928][  0]LogShaderLibrary: Display: ShaderCodeLibraryPakFileMountedCallback: PakFile 'C:/Program Files/Epic Games/UE_4.27/FeaturePacks/TP_HandheldARBP.upack' (chunk index -1, root 'root:/') mounted
[2022.07.04-08.18.57:928][  0]LogShaderLibrary: Display: ShaderCodeLibraryPakFileMountedCallback: pending pak file info (ChunkID:-1 Root:root:/ File:C:/Program Files/Epic Games/UE_4.27/FeaturePacks/TP_HandheldARBP.upack)
[2022.07.04-08.18.57:928][  0]LogPakFile: OnPakFileMounted2Time == 0.000034
[2022.07.04-08.18.57:928][  0]LogPakFile: PakFile PrimaryIndexSize=182
[2022.07.04-08.18.57:928][  0]LogPakFile: PakFile PathHashIndexSize=101
[2022.07.04-08.18.57:928][  0]LogPakFile: PakFile FullDirectoryIndexSize=138
[2022.07.04-08.18.57:928][  0]LogShaderLibrary: Display: ShaderCodeLibraryPakFileMountedCallback: PakFile 'C:/Program Files/Epic Games/UE_4.27/FeaturePacks/TP_Puzzle.upack' (chunk index -1, root 'root:/') mounted
[2022.07.04-08.18.57:928][  0]LogShaderLibrary: Display: ShaderCodeLibraryPakFileMountedCallback: pending pak file info (ChunkID:-1 Root:root:/ File:C:/Program Files/Epic Games/UE_4.27/FeaturePacks/TP_Puzzle.upack)
[2022.07.04-08.18.57:928][  0]LogPakFile: OnPakFileMounted2Time == 0.000031
[2022.07.04-08.18.57:929][  0]LogPakFile: PakFile PrimaryIndexSize=184
[2022.07.04-08.18.57:929][  0]LogPakFile: PakFile PathHashIndexSize=101
[2022.07.04-08.18.57:929][  0]LogPakFile: PakFile FullDirectoryIndexSize=142
[2022.07.04-08.18.57:929][  0]LogShaderLibrary: Display: ShaderCodeLibraryPakFileMountedCallback: PakFile 'C:/Program Files/Epic Games/UE_4.27/FeaturePacks/TP_PuzzleBP.upack' (chunk index -1, root 'root:/') mounted
[2022.07.04-08.18.57:929][  0]LogShaderLibrary: Display: ShaderCodeLibraryPakFileMountedCallback: pending pak file info (ChunkID:-1 Root:root:/ File:C:/Program Files/Epic Games/UE_4.27/FeaturePacks/TP_PuzzleBP.upack)
[2022.07.04-08.18.57:929][  0]LogPakFile: OnPakFileMounted2Time == 0.000039
[2022.07.04-08.18.57:929][  0]LogPakFile: PakFile PrimaryIndexSize=183
[2022.07.04-08.18.57:929][  0]LogPakFile: PakFile PathHashIndexSize=101
[2022.07.04-08.18.57:929][  0]LogPakFile: PakFile FullDirectoryIndexSize=140
[2022.07.04-08.18.57:929][  0]LogShaderLibrary: Display: ShaderCodeLibraryPakFileMountedCallback: PakFile 'C:/Program Files/Epic Games/UE_4.27/FeaturePacks/TP_Rolling.upack' (chunk index -1, root 'root:/') mounted
[2022.07.04-08.18.57:929][  0]LogShaderLibrary: Display: ShaderCodeLibraryPakFileMountedCallback: pending pak file info (ChunkID:-1 Root:root:/ File:C:/Program Files/Epic Games/UE_4.27/FeaturePacks/TP_Rolling.upack)
[2022.07.04-08.18.57:929][  0]LogPakFile: OnPakFileMounted2Time == 0.000031
[2022.07.04-08.18.57:929][  0]LogPakFile: PakFile PrimaryIndexSize=185
[2022.07.04-08.18.57:929][  0]LogPakFile: PakFile PathHashIndexSize=101
[2022.07.04-08.18.57:929][  0]LogPakFile: PakFile FullDirectoryIndexSize=144
[2022.07.04-08.18.57:930][  0]LogShaderLibrary: Display: ShaderCodeLibraryPakFileMountedCallback: PakFile 'C:/Program Files/Epic Games/UE_4.27/FeaturePacks/TP_RollingBP.upack' (chunk index -1, root 'root:/') mounted
[2022.07.04-08.18.57:930][  0]LogShaderLibrary: Display: ShaderCodeLibraryPakFileMountedCallback: pending pak file info (ChunkID:-1 Root:root:/ File:C:/Program Files/Epic Games/UE_4.27/FeaturePacks/TP_RollingBP.upack)
[2022.07.04-08.18.57:930][  0]LogPakFile: OnPakFileMounted2Time == 0.000028
[2022.07.04-08.18.57:930][  0]LogPakFile: PakFile PrimaryIndexSize=188
[2022.07.04-08.18.57:930][  0]LogPakFile: PakFile PathHashIndexSize=101
[2022.07.04-08.18.57:930][  0]LogPakFile: PakFile FullDirectoryIndexSize=150
[2022.07.04-08.18.57:930][  0]LogShaderLibrary: Display: ShaderCodeLibraryPakFileMountedCallback: PakFile 'C:/Program Files/Epic Games/UE_4.27/FeaturePacks/TP_SideScroller.upack' (chunk index -1, root 'root:/') mounted
[2022.07.04-08.18.57:930][  0]LogShaderLibrary: Display: ShaderCodeLibraryPakFileMountedCallback: pending pak file info (ChunkID:-1 Root:root:/ File:C:/Program Files/Epic Games/UE_4.27/FeaturePacks/TP_SideScroller.upack)
[2022.07.04-08.18.57:930][  0]LogPakFile: OnPakFileMounted2Time == 0.000028
[2022.07.04-08.18.57:930][  0]LogPakFile: PakFile PrimaryIndexSize=190
[2022.07.04-08.18.57:930][  0]LogPakFile: PakFile PathHashIndexSize=101
[2022.07.04-08.18.57:930][  0]LogPakFile: PakFile FullDirectoryIndexSize=154
[2022.07.04-08.18.57:930][  0]LogShaderLibrary: Display: ShaderCodeLibraryPakFileMountedCallback: PakFile 'C:/Program Files/Epic Games/UE_4.27/FeaturePacks/TP_SideScrollerBP.upack' (chunk index -1, root 'root:/') mounted
[2022.07.04-08.18.57:931][  0]LogShaderLibrary: Display: ShaderCodeLibraryPakFileMountedCallback: pending pak file info (ChunkID:-1 Root:root:/ File:C:/Program Files/Epic Games/UE_4.27/FeaturePacks/TP_SideScrollerBP.upack)
[2022.07.04-08.18.57:931][  0]LogPakFile: OnPakFileMounted2Time == 0.000029
[2022.07.04-08.18.57:931][  0]LogPakFile: PakFile PrimaryIndexSize=187
[2022.07.04-08.18.57:931][  0]LogPakFile: PakFile PathHashIndexSize=101
[2022.07.04-08.18.57:931][  0]LogPakFile: PakFile FullDirectoryIndexSize=148
[2022.07.04-08.18.57:931][  0]LogShaderLibrary: Display: ShaderCodeLibraryPakFileMountedCallback: PakFile 'C:/Program Files/Epic Games/UE_4.27/FeaturePacks/TP_ThirdPerson.upack' (chunk index -1, root 'root:/') mounted
[2022.07.04-08.18.57:931][  0]LogShaderLibrary: Display: ShaderCodeLibraryPakFileMountedCallback: pending pak file info (ChunkID:-1 Root:root:/ File:C:/Program Files/Epic Games/UE_4.27/FeaturePacks/TP_ThirdPerson.upack)
[2022.07.04-08.18.57:931][  0]LogPakFile: OnPakFileMounted2Time == 0.000027
[2022.07.04-08.18.57:931][  0]LogPakFile: PakFile PrimaryIndexSize=189
[2022.07.04-08.18.57:931][  0]LogPakFile: PakFile PathHashIndexSize=101
[2022.07.04-08.18.57:931][  0]LogPakFile: PakFile FullDirectoryIndexSize=152
[2022.07.04-08.18.57:931][  0]LogShaderLibrary: Display: ShaderCodeLibraryPakFileMountedCallback: PakFile 'C:/Program Files/Epic Games/UE_4.27/FeaturePacks/TP_ThirdPersonBP.upack' (chunk index -1, root 'root:/') mounted
[2022.07.04-08.18.57:931][  0]LogShaderLibrary: Display: ShaderCodeLibraryPakFileMountedCallback: pending pak file info (ChunkID:-1 Root:root:/ File:C:/Program Files/Epic Games/UE_4.27/FeaturePacks/TP_ThirdPersonBP.upack)
[2022.07.04-08.18.57:931][  0]LogPakFile: OnPakFileMounted2Time == 0.000031
[2022.07.04-08.18.57:932][  0]LogPakFile: PakFile PrimaryIndexSize=183
[2022.07.04-08.18.57:932][  0]LogPakFile: PakFile PathHashIndexSize=101
[2022.07.04-08.18.57:932][  0]LogPakFile: PakFile FullDirectoryIndexSize=140
[2022.07.04-08.18.57:932][  0]LogShaderLibrary: Display: ShaderCodeLibraryPakFileMountedCallback: PakFile 'C:/Program Files/Epic Games/UE_4.27/FeaturePacks/TP_TopDown.upack' (chunk index -1, root 'root:/') mounted
[2022.07.04-08.18.57:932][  0]LogShaderLibrary: Display: ShaderCodeLibraryPakFileMountedCallback: pending pak file info (ChunkID:-1 Root:root:/ File:C:/Program Files/Epic Games/UE_4.27/FeaturePacks/TP_TopDown.upack)
[2022.07.04-08.18.57:932][  0]LogPakFile: OnPakFileMounted2Time == 0.000033
[2022.07.04-08.18.57:932][  0]LogPakFile: PakFile PrimaryIndexSize=185
[2022.07.04-08.18.57:932][  0]LogPakFile: PakFile PathHashIndexSize=101
[2022.07.04-08.18.57:932][  0]LogPakFile: PakFile FullDirectoryIndexSize=144
[2022.07.04-08.18.57:932][  0]LogShaderLibrary: Display: ShaderCodeLibraryPakFileMountedCallback: PakFile 'C:/Program Files/Epic Games/UE_4.27/FeaturePacks/TP_TopDownBP.upack' (chunk index -1, root 'root:/') mounted
[2022.07.04-08.18.57:932][  0]LogShaderLibrary: Display: ShaderCodeLibraryPakFileMountedCallback: pending pak file info (ChunkID:-1 Root:root:/ File:C:/Program Files/Epic Games/UE_4.27/FeaturePacks/TP_TopDownBP.upack)
[2022.07.04-08.18.57:932][  0]LogPakFile: OnPakFileMounted2Time == 0.000029
[2022.07.04-08.18.57:933][  0]LogPakFile: PakFile PrimaryIndexSize=185
[2022.07.04-08.18.57:933][  0]LogPakFile: PakFile PathHashIndexSize=101
[2022.07.04-08.18.57:933][  0]LogPakFile: PakFile FullDirectoryIndexSize=144
[2022.07.04-08.18.57:933][  0]LogShaderLibrary: Display: ShaderCodeLibraryPakFileMountedCallback: PakFile 'C:/Program Files/Epic Games/UE_4.27/FeaturePacks/TP_TwinStick.upack' (chunk index -1, root 'root:/') mounted
[2022.07.04-08.18.57:933][  0]LogShaderLibrary: Display: ShaderCodeLibraryPakFileMountedCallback: pending pak file info (ChunkID:-1 Root:root:/ File:C:/Program Files/Epic Games/UE_4.27/FeaturePacks/TP_TwinStick.upack)
[2022.07.04-08.18.57:933][  0]LogPakFile: OnPakFileMounted2Time == 0.000029
[2022.07.04-08.18.57:933][  0]LogPakFile: PakFile PrimaryIndexSize=187
[2022.07.04-08.18.57:933][  0]LogPakFile: PakFile PathHashIndexSize=101
[2022.07.04-08.18.57:933][  0]LogPakFile: PakFile FullDirectoryIndexSize=148
[2022.07.04-08.18.57:933][  0]LogShaderLibrary: Display: ShaderCodeLibraryPakFileMountedCallback: PakFile 'C:/Program Files/Epic Games/UE_4.27/FeaturePacks/TP_TwinStickBP.upack' (chunk index -1, root 'root:/') mounted
[2022.07.04-08.18.57:933][  0]LogShaderLibrary: Display: ShaderCodeLibraryPakFileMountedCallback: pending pak file info (ChunkID:-1 Root:root:/ File:C:/Program Files/Epic Games/UE_4.27/FeaturePacks/TP_TwinStickBP.upack)
[2022.07.04-08.18.57:933][  0]LogPakFile: OnPakFileMounted2Time == 0.000027
[2022.07.04-08.18.57:934][  0]LogPakFile: PakFile PrimaryIndexSize=183
[2022.07.04-08.18.57:934][  0]LogPakFile: PakFile PathHashIndexSize=101
[2022.07.04-08.18.57:934][  0]LogPakFile: PakFile FullDirectoryIndexSize=140
[2022.07.04-08.18.57:934][  0]LogShaderLibrary: Display: ShaderCodeLibraryPakFileMountedCallback: PakFile 'C:/Program Files/Epic Games/UE_4.27/FeaturePacks/TP_Vehicle.upack' (chunk index -1, root 'root:/') mounted
[2022.07.04-08.18.57:934][  0]LogShaderLibrary: Display: ShaderCodeLibraryPakFileMountedCallback: pending pak file info (ChunkID:-1 Root:root:/ File:C:/Program Files/Epic Games/UE_4.27/FeaturePacks/TP_Vehicle.upack)
[2022.07.04-08.18.57:934][  0]LogPakFile: OnPakFileMounted2Time == 0.000028
[2022.07.04-08.18.57:934][  0]LogPakFile: PakFile PrimaryIndexSize=186
[2022.07.04-08.18.57:934][  0]LogPakFile: PakFile PathHashIndexSize=101
[2022.07.04-08.18.57:934][  0]LogPakFile: PakFile FullDirectoryIndexSize=146
[2022.07.04-08.18.57:934][  0]LogShaderLibrary: Display: ShaderCodeLibraryPakFileMountedCallback: PakFile 'C:/Program Files/Epic Games/UE_4.27/FeaturePacks/TP_VehicleAdv.upack' (chunk index -1, root 'root:/') mounted
[2022.07.04-08.18.57:934][  0]LogShaderLibrary: Display: ShaderCodeLibraryPakFileMountedCallback: pending pak file info (ChunkID:-1 Root:root:/ File:C:/Program Files/Epic Games/UE_4.27/FeaturePacks/TP_VehicleAdv.upack)
[2022.07.04-08.18.57:934][  0]LogPakFile: OnPakFileMounted2Time == 0.000028
[2022.07.04-08.18.57:935][  0]LogPakFile: PakFile PrimaryIndexSize=188
[2022.07.04-08.18.57:935][  0]LogPakFile: PakFile PathHashIndexSize=101
[2022.07.04-08.18.57:935][  0]LogPakFile: PakFile FullDirectoryIndexSize=150
[2022.07.04-08.18.57:935][  0]LogShaderLibrary: Display: ShaderCodeLibraryPakFileMountedCallback: PakFile 'C:/Program Files/Epic Games/UE_4.27/FeaturePacks/TP_VehicleAdvBP.upack' (chunk index -1, root 'root:/') mounted
[2022.07.04-08.18.57:935][  0]LogShaderLibrary: Display: ShaderCodeLibraryPakFileMountedCallback: pending pak file info (ChunkID:-1 Root:root:/ File:C:/Program Files/Epic Games/UE_4.27/FeaturePacks/TP_VehicleAdvBP.upack)
[2022.07.04-08.18.57:935][  0]LogPakFile: OnPakFileMounted2Time == 0.000032
[2022.07.04-08.18.57:935][  0]LogPakFile: PakFile PrimaryIndexSize=185
[2022.07.04-08.18.57:935][  0]LogPakFile: PakFile PathHashIndexSize=101
[2022.07.04-08.18.57:935][  0]LogPakFile: PakFile FullDirectoryIndexSize=144
[2022.07.04-08.18.57:935][  0]LogShaderLibrary: Display: ShaderCodeLibraryPakFileMountedCallback: PakFile 'C:/Program Files/Epic Games/UE_4.27/FeaturePacks/TP_VehicleBP.upack' (chunk index -1, root 'root:/') mounted
[2022.07.04-08.18.57:935][  0]LogShaderLibrary: Display: ShaderCodeLibraryPakFileMountedCallback: pending pak file info (ChunkID:-1 Root:root:/ File:C:/Program Files/Epic Games/UE_4.27/FeaturePacks/TP_VehicleBP.upack)
[2022.07.04-08.18.57:935][  0]LogPakFile: OnPakFileMounted2Time == 0.000028
[2022.07.04-08.18.57:936][  0]LogPakFile: PakFile PrimaryIndexSize=192
[2022.07.04-08.18.57:936][  0]LogPakFile: PakFile PathHashIndexSize=101
[2022.07.04-08.18.57:936][  0]LogPakFile: PakFile FullDirectoryIndexSize=158
[2022.07.04-08.18.57:936][  0]LogShaderLibrary: Display: ShaderCodeLibraryPakFileMountedCallback: PakFile 'C:/Program Files/Epic Games/UE_4.27/FeaturePacks/TP_VirtualRealityBP.upack' (chunk index -1, root 'root:/') mounted
[2022.07.04-08.18.57:936][  0]LogShaderLibrary: Display: ShaderCodeLibraryPakFileMountedCallback: pending pak file info (ChunkID:-1 Root:root:/ File:C:/Program Files/Epic Games/UE_4.27/FeaturePacks/TP_VirtualRealityBP.upack)
[2022.07.04-08.18.57:936][  0]LogPakFile: OnPakFileMounted2Time == 0.000029
[2022.07.04-08.18.57:973][  0]LogNativeClassHierarchy: Verbose: Native class hierarchy updated for 'AddContentDialog' in 0.0003 seconds. Added 0 classes and 0 folders.
[2022.07.04-08.18.57:974][  0]LogNativeClassHierarchy: Verbose: Native class hierarchy updated for 'SceneOutliner' in 0.0002 seconds. Added 2 classes and 0 folders.
[2022.07.04-08.18.58:307][  0]LogSlate: Only BGRA pngs, bmps or icos are supported in by External Image Picker
[2022.07.04-08.18.58:411][  0]LogSlate: Took 0.000342 seconds to synchronously load lazily loaded font '../../../Engine/Content/Slate/Fonts/Roboto-Regular.ttf' (155K)
[2022.07.04-08.18.58:413][  0]LogSlate: Took 0.001699 seconds to synchronously load lazily loaded font '../../../Engine/Content/Editor/Slate/Fonts/NanumGothic.ttf' (4243K)
[2022.07.04-08.18.58:414][  0]LogSlate: Took 0.000101 seconds to synchronously load lazily loaded font '../../../Engine/Content/Editor/Slate/Fonts/FontAwesome.ttf' (139K)
[2022.07.04-08.18.58:415][  0]LogSlate: Took 0.001389 seconds to synchronously load lazily loaded font '../../../Engine/Content/Editor/Slate/Fonts/NanumGothicBold.ttf' (4188K)
[2022.07.04-08.18.58:416][  0]LogSlate: Took 0.000100 seconds to synchronously load lazily loaded font '../../../Engine/Content/Slate/Fonts/Roboto-Bold.ttf' (160K)
[2022.07.04-08.18.58:489][  0]LogRenderer: Reallocating scene render targets to support 1168x616 Format 10 NumSamples 1 (Frame:1).
[2022.07.04-08.18.58:914][  0]LogSlate: Took 0.000137 seconds to synchronously load lazily loaded font '../../../Engine/Content/Slate/Fonts/Roboto-Light.ttf' (167K)
[2022.07.04-08.18.58:978][  0]LogNativeClassHierarchy: Verbose: Native class hierarchy updated for 'HierarchicalLODOutliner' in 0.0002 seconds. Added 0 classes and 0 folders.
[2022.07.04-08.18.58:978][  0]LogLoad: (Engine Initialization) Total time: 7.35 seconds
[2022.07.04-08.18.58:978][  0]LogLoad: (Engine Initialization) Total Blueprint compile time: 0.00 seconds
[2022.07.04-08.18.59:104][  0]LogAssetRegistry: Asset discovery search completed in 4.6908 seconds
[2022.07.04-08.18.59:110][  0]LogCollectionManager: Fixed up redirectors for 0 collections in 0.000003 seconds (updated 0 objects)
[2022.07.04-08.18.59:111][  0]LogContentStreaming: Texture pool size now 1000 MB
[2022.07.04-08.19.00:345][  4]LogSlate: Took 0.000160 seconds to synchronously load lazily loaded font '../../../Engine/Content/Slate/Fonts/Roboto-Light.ttf' (167K)
[2022.07.04-08.19.05:734][111]LogUObjectHash: Compacting FUObjectHashTables data took   0.58ms
[2022.07.04-08.19.05:814][111]LogAssetEditorSubsystem: Opening Asset editor for World /Game/Mpas/Game.Game
[2022.07.04-08.19.05:814][111]Cmd: MAP LOAD FILE="../../../../../../work/my/unrial/UnrealClass1/Content/Mpas/Game.umap" TEMPLATE=0 SHOWPROGRESS=1 FEATURELEVEL=3
[2022.07.04-08.19.05:814][111]LightingResults: New page: 라이팅 빌드
[2022.07.04-08.19.05:814][111]LoadErrors: New page: 맵 로드 중: Game.umap
[2022.07.04-08.19.05:816][111]LogWorld: UWorld::CleanupWorld for Minimal_Default, bSessionEnded=true, bCleanupResources=true
[2022.07.04-08.19.05:816][111]LogSlate: InvalidateAllWidgets triggered.  All widgets were invalidated
[2022.07.04-08.19.05:816][111]MapCheck: New page: 맵 체크
[2022.07.04-08.19.05:816][111]LightingResults: New page: 라이팅 빌드
[2022.07.04-08.19.05:821][111]LogAudio: Display: Audio Device unregistered from world 'None'.
[2022.07.04-08.19.05:824][111]LogUObjectHash: Compacting FUObjectHashTables data took   0.90ms
[2022.07.04-08.19.05:824][111]LogAudio: Display: Audio Device (ID: 1) registered with world 'Game'.
[2022.07.04-08.19.05:882][111]LogEditorServer: Finished looking for orphan Actors (0.000 secs)
[2022.07.04-08.19.05:882][111]LogAIModule: Creating AISystem for world Game
[2022.07.04-08.19.05:889][111]LogUObjectHash: Compacting FUObjectHashTables data took   0.58ms
[2022.07.04-08.19.05:893][111]Cmd: MAP CHECKDEP NOCLEARLOG
[2022.07.04-08.19.05:893][111]MapCheck: 맵 체크 완료: 오류 0 회, 경고 0 회, 소요 시간 0.095ms.
[2022.07.04-08.19.05:893][111]LogFileHelpers: Loading map 'Game' took 0.080
[2022.07.04-08.19.10:811][398]LogTemp: Repeating last play command: 선택된 뷰포트
[2022.07.04-08.19.10:815][398]LogPlayLevel: PlayLevel: No blueprints needed recompiling
[2022.07.04-08.19.10:815][398]PIE: New page: PIE 세션: Game (2022. 7. 5. 오전 2:19:10)
[2022.07.04-08.19.10:816][398]LogOnline: OSS: Creating online subsystem instance for: NULL
[2022.07.04-08.19.10:817][398]LogOnline: OSS: TryLoadSubsystemAndSetDefault: Loaded subsystem for module [NULL]
[2022.07.04-08.19.10:817][398]LogPlayLevel: Creating play world package: /Game/Mpas/UEDPIE_0_Game
[2022.07.04-08.19.10:821][398]LogPlayLevel: PIE: StaticDuplicateObject took: (0.003853s)
[2022.07.04-08.19.10:822][398]LogAIModule: Creating AISystem for world Game
[2022.07.04-08.19.10:823][398]LogPlayLevel: PIE: World Init took: (0.001518s)
[2022.07.04-08.19.10:823][398]LogPlayLevel: PIE: Created PIE world by copying editor world from /Game/Mpas/Game.Game to /Game/Mpas/UEDPIE_0_Game.Game (0.005486s)
[2022.07.04-08.19.10:828][398]LogUObjectHash: Compacting FUObjectHashTables data took   0.69ms
[2022.07.04-08.19.10:828][398]LogAudio: Display: Creating Audio Device:                 Id: 2, Scope: Unique, Realtime: True
[2022.07.04-08.19.10:828][398]LogAudioMixer: Display: Audio Mixer Platform Settings:
[2022.07.04-08.19.10:828][398]LogAudioMixer: Display: 	Sample Rate:						  48000
[2022.07.04-08.19.10:828][398]LogAudioMixer: Display: 	Callback Buffer Frame Size Requested: 1024
[2022.07.04-08.19.10:828][398]LogAudioMixer: Display: 	Callback Buffer Frame Size To Use:	  1024
[2022.07.04-08.19.10:828][398]LogAudioMixer: Display: 	Number of buffers to queue:			  2
[2022.07.04-08.19.10:828][398]LogAudioMixer: Display: 	Max Channels (voices):				  32
[2022.07.04-08.19.10:828][398]LogAudioMixer: Display: 	Number of Async Source Workers:		  0
[2022.07.04-08.19.10:828][398]LogAudio: Display: AudioDevice MaxSources: 32
[2022.07.04-08.19.10:829][398]LogAudio: Display: Audio Spatialization Plugin: None (built-in).
[2022.07.04-08.19.10:829][398]LogAudio: Display: Audio Reverb Plugin: None (built-in).
[2022.07.04-08.19.10:829][398]LogAudio: Display: Audio Occlusion Plugin: None (built-in).
[2022.07.04-08.19.10:829][398]LogAudioMixer: Display: Initializing audio mixer.
[2022.07.04-08.19.10:830][398]LogAudioMixer: Display: 0: FrontLeft
[2022.07.04-08.19.10:830][398]LogAudioMixer: Display: 1: FrontRight
[2022.07.04-08.19.10:859][398]LogAudioMixer: Display: Using Audio Device 스피커(Realtek(R) Audio)
[2022.07.04-08.19.10:860][398]LogAudioMixer: Display: Initializing Sound Submixes...
[2022.07.04-08.19.10:860][398]LogAudioMixer: Display: Creating Master Submix 'MasterSubmixDefault'
[2022.07.04-08.19.10:860][398]LogAudioMixer: Display: Creating Master Submix 'MasterReverbSubmixDefault'
[2022.07.04-08.19.10:860][398]LogAudioMixer: Display: Creating Master Submix 'MasterEQSubmixDefault'
[2022.07.04-08.19.10:860][398]LogAudioMixer: FMixerPlatformXAudio2::StartAudioStream() called
[2022.07.04-08.19.10:860][398]LogAudioMixer: Display: Output buffers initialized: Frames=1024, Channels=2, Samples=2048
[2022.07.04-08.19.10:861][398]LogAudioMixer: Display: Starting AudioMixerPlatformInterface::RunInternal()
[2022.07.04-08.19.10:861][398]LogAudioMixer: Display: FMixerPlatformXAudio2::SubmitBuffer() called for the first time
[2022.07.04-08.19.10:861][398]LogInit: FAudioDevice initialized.
[2022.07.04-08.19.10:861][398]LogAudio: Display: Audio Device (ID: 2) registered with world 'Game'.
[2022.07.04-08.19.10:870][398]LogLoad: Game class is 'BP_GM_C'
[2022.07.04-08.19.10:871][398]LogWorld: Bringing World /Game/Mpas/UEDPIE_0_Game.Game up for play (max tick rate 60) at 2022.07.04-17.19.10
[2022.07.04-08.19.10:871][398]LogWorld: Bringing up level for play took: 0.000514
[2022.07.04-08.19.10:871][398]LogOnline: OSS: Creating online subsystem instance for: :Context_2
[2022.07.04-08.19.10:874][398]LogNativeClassHierarchy: Verbose: Native class hierarchy updated for 'MovieSceneCapture' in 0.0003 seconds. Added 20 classes and 0 folders.
[2022.07.04-08.19.10:875][398]LogViewport: Display: Viewport MouseCaptureMode Changed, CapturePermanently_IncludingInitialMouseDown -> CapturePermanently
[2022.07.04-08.19.10:875][398]PIE: 서버가 로그인했습니다.
[2022.07.04-08.19.10:876][398]PIE: 에디터에서 플레이 총 시작 시간 0.062초입니다.
[2022.07.04-08.19.11:866][457]LogAudio: Display: Cached duration for Sound Cue SoundCue /Game/StarterContent/Audio/Explosion_Cue.Explosion_Cue was zero and has changed. Consider manually Re-saving the asset
[2022.07.04-08.19.12:979][522]LogSlate: Updating window title bar state: overlay mode, drag disabled, window buttons hidden, title bar hidden
[2022.07.04-08.19.12:979][522]LogWorld: BeginTearingDown for /Game/Mpas/UEDPIE_0_Game
[2022.07.04-08.19.12:980][522]LogWorld: UWorld::CleanupWorld for Game, bSessionEnded=true, bCleanupResources=true
[2022.07.04-08.19.12:980][522]LogSlate: InvalidateAllWidgets triggered.  All widgets were invalidated
[2022.07.04-08.19.12:990][522]LogPlayLevel: Display: Shutting down PIE online subsystems
[2022.07.04-08.19.12:991][522]LogSlate: InvalidateAllWidgets triggered.  All widgets were invalidated
[2022.07.04-08.19.12:996][522]LogAudio: Display: Audio Device unregistered from world 'None'.
[2022.07.04-08.19.12:996][522]LogAudioMixer: FMixerPlatformXAudio2::StopAudioStream() called
[2022.07.04-08.19.12:997][522]LogAudioMixer: FMixerPlatformXAudio2::StopAudioStream() called
[2022.07.04-08.19.12:999][522]LogSlate: Updating window title bar state: overlay mode, drag disabled, window buttons hidden, title bar hidden
[2022.07.04-08.19.13:001][522]LogUObjectHash: Compacting FUObjectHashTables data took   0.63ms
[2022.07.04-08.19.13:053][525]LogPlayLevel: Display: Destroying online subsystem :Context_2
